[11:43:38:179] [ERROR] - com.lz.libarary.utils.SeleniumEventListener.beforeFindBy(SeleniumEventListener.java:75) - beforeFindBy监听15秒 By.id: jsLogin不可见
[13:44:20:740] [ERROR] - com.lz.libarary.pages.PublicPage.findKeywords(PublicPage.java:87) - org.openqa.selenium.InvalidElementStateException: invalid element state: Element is not currently interactable and may not be manipulated
  (Session info: chrome=62.0.3202.94)
  (Driver info: chromedriver=2.33.506092 (733a02544d189eeb751fe0d7ddca79a0ee28cce4),platform=Linux 3.10.0-327.22.2.el7.x86_64 x86_64) (WARNING: The server did not provide any stacktrace information)
Command duration or timeout: 83 milliseconds
Build info: version: '2.48.2', revision: '41bccdd10cf2c0560f637404c2d96164b67d9d67', time: '2015-10-09 13:08:06'
System info: host: 'PC201605191017', ip: '192.168.10.215', os.name: 'Windows 7', os.arch: 'amd64', os.version: '6.1', java.version: '1.7.0_21'
Session ID: 89d67f4724a6c0432e465768a30644f8
Driver info: org.openqa.selenium.remote.RemoteWebDriver
Capabilities [{platform=LINUX, javascriptEnabled=true, acceptSslCerts=true, browserName=chrome, chrome={userDataDir=/tmp/.org.chromium.Chromium.TBhLKD, chromedriverVersion=2.33.506092 (733a02544d189eeb751fe0d7ddca79a0ee28cce4)}, networkConnectionEnabled=false, unexpectedAlertBehaviour=, rotatable=false, setWindowRect=true, locationContextEnabled=true, mobileEmulationEnabled=false, version=62.0.3202.94, pageLoadStrategy=normal, takesHeapSnapshot=true, cssSelectorsEnabled=true, databaseEnabled=false, handlesAlerts=true, browserConnectionEnabled=false, webStorageEnabled=true, nativeEvents=true, hasTouchScreen=false, applicationCacheEnabled=false, takesScreenshot=true}]
[13:44:33:888] [ERROR] - com.lz.libarary.utils.SeleniumEventListener.beforeFindBy(SeleniumEventListener.java:75) - beforeFindBy监听15秒 By.xpath: //*[@class='gridTbody']/table/tbody不可见
[13:46:46:648] [ERROR] - com.lz.libarary.utils.SeleniumEventListener.beforeFindBy(SeleniumEventListener.java:75) - beforeFindBy监听15秒 By.xpath: .//option[normalize-space(.) = "xss一区"]不可见
[13:50:30:312] [ERROR] - com.lz.libarary.utils.SeleniumEventListener.beforeFindBy(SeleniumEventListener.java:75) - beforeFindBy监听15秒 By.linkText: 终端设备管理不可见
[14:11:42:745] [ERROR] - com.lz.libarary.utils.SeleniumEventListener.beforeFindBy(SeleniumEventListener.java:75) - beforeFindBy监听15秒 By.cssSelector: input.communityAddDelFile.closeBtn不可见
[14:12:07:087] [ERROR] - com.lz.libarary.utils.SeleniumEventListener.beforeFindBy(SeleniumEventListener.java:75) - beforeFindBy监听15秒 By.id: jsLogin不可见
[14:34:38:543] [ERROR] - com.lz.libarary.utils.SeleniumEventListener.beforeFindBy(SeleniumEventListener.java:75) - beforeFindBy监听15秒 By.xpath: //*[@id='equipmentAdd_SuccessFile']/span不可见
[14:35:04:866] [ERROR] - com.lz.libarary.utils.SeleniumEventListener.beforeFindBy(SeleniumEventListener.java:75) - beforeFindBy监听15秒 By.id: system-management不可见
[15:07:34:009] [ERROR] - com.lz.libarary.utils.SeleniumEventListener.beforeFindBy(SeleniumEventListener.java:75) - beforeFindBy监听15秒 By.id: tree_communityTreeList_6_remove不可见
[15:08:36:427] [ERROR] - com.lz.libarary.utils.SeleniumEventListener.beforeFindBy(SeleniumEventListener.java:75) - beforeFindBy监听15秒 By.id: alertMsgBox不可见
[16:42:35:334] [ERROR] - com.lz.libarary.pages.PublicPage.findKeywords(PublicPage.java:87) - org.openqa.selenium.WebDriverException: unknown error: Element <button class="buttonSeacher" type="submit">...</button> is not clickable at point (494, 199). Other element would receive the click: <div id="dialogBackground" class="dialogBackground" style="display: block;"></div>
  (Session info: chrome=62.0.3202.94)
  (Driver info: chromedriver=2.33.506092 (733a02544d189eeb751fe0d7ddca79a0ee28cce4),platform=Linux 3.10.0-327.22.2.el7.x86_64 x86_64) (WARNING: The server did not provide any stacktrace information)
Command duration or timeout: 106 milliseconds
Build info: version: '2.48.2', revision: '41bccdd10cf2c0560f637404c2d96164b67d9d67', time: '2015-10-09 13:08:06'
System info: host: 'PC201605191017', ip: '192.168.10.215', os.name: 'Windows 7', os.arch: 'amd64', os.version: '6.1', java.version: '1.7.0_21'
Session ID: dc6d38fb8a7e6181ee7a03799798c165
Driver info: org.openqa.selenium.remote.RemoteWebDriver
Capabilities [{platform=LINUX, javascriptEnabled=true, acceptSslCerts=true, browserName=chrome, chrome={userDataDir=/tmp/.org.chromium.Chromium.zIifb6, chromedriverVersion=2.33.506092 (733a02544d189eeb751fe0d7ddca79a0ee28cce4)}, networkConnectionEnabled=false, unexpectedAlertBehaviour=, rotatable=false, setWindowRect=true, locationContextEnabled=true, mobileEmulationEnabled=false, version=62.0.3202.94, pageLoadStrategy=normal, takesHeapSnapshot=true, cssSelectorsEnabled=true, databaseEnabled=false, handlesAlerts=true, browserConnectionEnabled=false, webStorageEnabled=true, nativeEvents=true, hasTouchScreen=false, applicationCacheEnabled=false, takesScreenshot=true}]
[16:43:12:140] [ERROR] - com.lz.libarary.utils.SeleniumEventListener.beforeFindBy(SeleniumEventListener.java:75) - beforeFindBy监听15秒 By.cssSelector: button.loadCommunityRoomTree.h_buttonChange不可见
[16:50:02:022] [ERROR] - com.lz.libarary.utils.SeleniumEventListener.beforeFindBy(SeleniumEventListener.java:75) - beforeFindBy监听15秒 By.linkText: 私信不可见
[16:50:38:877] [ERROR] - com.lz.libarary.utils.SeleniumEventListener.beforeFindBy(SeleniumEventListener.java:75) - beforeFindBy监听15秒 By.linkText: 设备状态查询不可见
[16:52:02:431] [ERROR] - com.lz.libarary.utils.SeleniumEventListener.beforeFindBy(SeleniumEventListener.java:75) - beforeFindBy监听15秒 By.xpath: .//option[normalize-space(.) = "xss自动化卡类型"]不可见
[16:52:06:331] [ERROR] - com.lz.libarary.utils.SeleniumEventListener.beforeFindBy(SeleniumEventListener.java:75) - beforeFindBy监听15秒 By.className: buttonContent不可见
[16:53:16:962] [ERROR] - com.lz.libarary.utils.SeleniumEventListener.beforeFindBy(SeleniumEventListener.java:75) - beforeFindBy监听15秒 By.className: buttonContent不可见
[17:59:47:540] [ERROR] - com.lz.libarary.utils.SeleniumEventListener.beforeFindBy(SeleniumEventListener.java:75) - beforeFindBy监听15秒 By.className: close不可见
[18:04:44:424] [ERROR] - com.lz.libarary.utils.SeleniumEventListener.beforeFindBy(SeleniumEventListener.java:75) - beforeFindBy监听15秒 By.xpath: //*[@class='correct']/div[2]/ul/li/a不可见
