2017/08/04 14:48:07 INFO  - jmeter.util.JMeterUtils: Setting Locale to zh_CN 
2017/08/04 14:48:07 INFO  - jmeter.JMeter: Loading system properties from: D:\works\lzJmeter\target\jmeter\bin\system.properties 
2017/08/04 14:48:07 INFO  - jmeter.JMeter: Copyright (c) 1998-2016 The Apache Software Foundation 
2017/08/04 14:48:07 INFO  - jmeter.JMeter: Version 3.0 r1743807 
2017/08/04 14:48:07 INFO  - jmeter.JMeter: java.version=1.8.0_131 
2017/08/04 14:48:07 INFO  - jmeter.JMeter: java.vm.name=Java HotSpot(TM) 64-Bit Server VM 
2017/08/04 14:48:07 INFO  - jmeter.JMeter: os.name=Windows 7 
2017/08/04 14:48:07 INFO  - jmeter.JMeter: os.arch=amd64 
2017/08/04 14:48:07 INFO  - jmeter.JMeter: os.version=6.1 
2017/08/04 14:48:07 INFO  - jmeter.JMeter: file.encoding=GBK 
2017/08/04 14:48:07 INFO  - jmeter.JMeter: Max memory     =514850816 
2017/08/04 14:48:07 INFO  - jmeter.JMeter: Available Processors =4 
2017/08/04 14:48:07 INFO  - jmeter.JMeter: Default Locale=中文 (中国) 
2017/08/04 14:48:07 INFO  - jmeter.JMeter: JMeter  Locale=中文 (中国) 
2017/08/04 14:48:07 INFO  - jmeter.JMeter: JMeterHome=D:\works\lzJmeter\target\jmeter 
2017/08/04 14:48:07 INFO  - jmeter.JMeter: user.dir  =D:\works\lzJmeter\target\jmeter\bin 
2017/08/04 14:48:07 INFO  - jmeter.JMeter: PWD       =D:\works\lzJmeter\target\jmeter\bin 
2017/08/04 14:48:07 INFO  - jmeter.JMeter: IP: 192.168.10.215 Name: PC201605191017 FullName: PC201605191017 
2017/08/04 14:48:07 INFO  - jmeter.services.FileServer: Default base='D:\works\lzJmeter\target\jmeter\bin' 
2017/08/04 14:48:07 INFO  - jmeter.services.FileServer: Set new base='D:\works\lzJmeter\target\jmeter\testFiles' 
2017/08/04 14:48:08 INFO  - jmeter.save.SaveService: Testplan (JMX) version: 2.2. Testlog (JTL) version: 2.2 
2017/08/04 14:48:08 INFO  - jmeter.save.SaveService: Using SaveService properties file encoding UTF-8 
2017/08/04 14:48:08 INFO  - jmeter.save.SaveService: Using SaveService properties version 2.9 
2017/08/04 14:48:08 INFO  - jmeter.save.SaveService: All converter versions present and correct 
2017/08/04 14:48:08 INFO  - jmeter.save.SaveService: Loading file: D:\works\lzJmeter\target\jmeter\testFiles\login.jmx 
2017/08/04 14:48:08 INFO  - jmeter.protocol.http.sampler.HTTPSamplerBase: Parser for text/html is org.apache.jmeter.protocol.http.parser.LagartoBasedHtmlParser 
2017/08/04 14:48:08 INFO  - jmeter.protocol.http.sampler.HTTPSamplerBase: Parser for application/xhtml+xml is org.apache.jmeter.protocol.http.parser.LagartoBasedHtmlParser 
2017/08/04 14:48:08 INFO  - jmeter.protocol.http.sampler.HTTPSamplerBase: Parser for application/xml is org.apache.jmeter.protocol.http.parser.LagartoBasedHtmlParser 
2017/08/04 14:48:08 INFO  - jmeter.protocol.http.sampler.HTTPSamplerBase: Parser for text/xml is org.apache.jmeter.protocol.http.parser.LagartoBasedHtmlParser 
2017/08/04 14:48:08 INFO  - jmeter.protocol.http.sampler.HTTPSamplerBase: Parser for text/vnd.wap.wml is org.apache.jmeter.protocol.http.parser.RegexpHTMLParser 
2017/08/04 14:48:08 INFO  - jmeter.protocol.http.sampler.HTTPSamplerBase: Parser for text/css is org.apache.jmeter.protocol.http.parser.CssParser 
2017/08/04 14:48:08 INFO  - jmeter.JMeter: Creating summariser <summary> 
2017/08/04 14:48:08 INFO  - jmeter.engine.StandardJMeterEngine: Running the test! 
2017/08/04 14:48:08 INFO  - jmeter.samplers.SampleEvent: List of sample_variables: [] 
2017/08/04 14:48:08 INFO  - jmeter.samplers.SampleEvent: List of sample_variables: [] 
2017/08/04 14:48:08 INFO  - jmeter.engine.util.CompoundVariable: Note: Function class names must contain the string: '.functions.' 
2017/08/04 14:48:08 INFO  - jmeter.engine.util.CompoundVariable: Note: Function class names must not contain the string: '.gui.' 
2017/08/04 14:48:08 INFO  - jmeter.JMeter: 正在运行的测试 (1501829288628) 
2017/08/04 14:48:08 INFO  - jmeter.engine.StandardJMeterEngine: Starting ThreadGroup: 1 : 联掌门户APP 
2017/08/04 14:48:08 INFO  - jmeter.engine.StandardJMeterEngine: Starting 1 threads for group 联掌门户APP. 
2017/08/04 14:48:08 INFO  - jmeter.engine.StandardJMeterEngine: Thread will continue on error 
2017/08/04 14:48:08 INFO  - jmeter.threads.ThreadGroup: Starting thread group number 1 threads 1 ramp-up 1 perThread 1000.0 delayedStart=false 
2017/08/04 14:48:08 INFO  - jmeter.threads.ThreadGroup: Started thread group number 1 
2017/08/04 14:48:08 INFO  - jmeter.engine.StandardJMeterEngine: All thread groups have been started 
2017/08/04 14:48:08 INFO  - jmeter.samplers.SampleResult: Note: Sample TimeStamps are START times 
2017/08/04 14:48:08 INFO  - jmeter.samplers.SampleResult: sampleresult.default.encoding is set to ISO-8859-1 
2017/08/04 14:48:08 INFO  - jmeter.samplers.SampleResult: sampleresult.useNanoTime=true 
2017/08/04 14:48:08 INFO  - jmeter.samplers.SampleResult: sampleresult.nanoThreadSleep=5000 
2017/08/04 14:48:08 INFO  - jmeter.threads.JMeterThread: Thread started: 联掌门户APP 1-1 
2017/08/04 14:48:08 INFO  - jmeter.protocol.http.sampler.HTTPHCAbstractImpl: Local host = PC201605191017 
2017/08/04 14:48:08 INFO  - jmeter.protocol.http.sampler.HTTPHC4Impl: HTTP request retry count = 0 
2017/08/04 14:48:09 INFO  - jmeter.protocol.http.sampler.LazySchemeSocketFactory: Setting up HTTPS TrustAll Socket Factory 
2017/08/04 14:48:09 INFO  - jmeter.util.JsseSSLManager: Using default SSL protocol: TLS 
2017/08/04 14:48:09 INFO  - jmeter.util.JsseSSLManager: SSL session context: per-thread 
2017/08/04 14:48:11 INFO  - jmeter.util.SSLManager: JmeterKeyStore Location:  type JKS 
2017/08/04 14:48:11 INFO  - jmeter.util.SSLManager: KeyStore created OK 
2017/08/04 14:48:11 WARN  - jmeter.util.SSLManager: Keystore file not found, loading empty keystore 
2017/08/04 14:48:12 INFO  - jmeter.util.BeanShellTestElement: ----------466,487,530 
2017/08/04 14:48:14 INFO  - jmeter.threads.JMeterThread: Thread is done: 联掌门户APP 1-1 
2017/08/04 14:48:14 INFO  - jmeter.threads.JMeterThread: Thread finished: 联掌门户APP 1-1 
2017/08/04 14:48:14 INFO  - jmeter.engine.StandardJMeterEngine: Notifying test listeners of end of test 
2017/08/04 14:48:14 INFO  - jmeter.reporters.Summariser: summary =     12 in 00:00:05 =    2.2/s Avg:   878 Min:    12 Max:  3354 Err:     0 (0.00%) 
