[15:08:32:867] [INFO] - com.lz.libarary.utils.SeleniumEventListener.beforeFindBy(SeleniumEventListener.java:71) - beforeFindBy:seaching............[[RemoteWebDriver: chrome on LINUX (800d34f8b13840d36d74d3b097ac8cb7)] -> id: login_name]
[15:08:33:308] [INFO] - com.lz.libarary.utils.SeleniumEventListener.beforeFindBy(SeleniumEventListener.java:71) - beforeFindBy:seaching............[[RemoteWebDriver: chrome on LINUX (800d34f8b13840d36d74d3b097ac8cb7)] -> id: passwd]
[15:08:33:720] [INFO] - com.lz.libarary.utils.SeleniumEventListener.beforeFindBy(SeleniumEventListener.java:71) - beforeFindBy:seaching............[[RemoteWebDriver: chrome on LINUX (800d34f8b13840d36d74d3b097ac8cb7)] -> id: areaLogin]
[15:08:48:299] [INFO] - testng.CommunityController.systemLogin(CommunityController.java:61) - 登录社区资源管理平台pass!
[15:08:50:589] [INFO] - com.lz.libarary.utils.SeleniumEventListener.beforeFindBy(SeleniumEventListener.java:71) - beforeFindBy:seaching............[[RemoteWebDriver: chrome on LINUX (800d34f8b13840d36d74d3b097ac8cb7)] -> class name: downActive]
[15:08:51:111] [INFO] - com.lz.libarary.utils.SeleniumEventListener.beforeFindBy(SeleniumEventListener.java:71) - beforeFindBy:seaching............[[RemoteWebDriver: chrome on LINUX (800d34f8b13840d36d74d3b097ac8cb7)] -> class name: downActive]
[15:08:51:552] [INFO] - com.lz.libarary.utils.SeleniumEventListener.beforeFindBy(SeleniumEventListener.java:71) - beforeFindBy:seaching............[[RemoteWebDriver: chrome on LINUX (800d34f8b13840d36d74d3b097ac8cb7)] -> class name: upActive]
[15:08:51:813] [INFO] - com.lz.libarary.utils.SeleniumEventListener.beforeFindBy(SeleniumEventListener.java:71) - beforeFindBy:seaching............[[RemoteWebDriver: chrome on LINUX (800d34f8b13840d36d74d3b097ac8cb7)] -> class name: upActive]
[15:08:51:950] [INFO] - com.lz.libarary.pages.PublicPage.clickLeftListAction(PublicPage.java:58) - upActive
[15:08:52:136] [INFO] - com.lz.libarary.utils.SeleniumEventListener.beforeFindBy(SeleniumEventListener.java:71) - beforeFindBy:seaching............[[RemoteWebDriver: chrome on LINUX (800d34f8b13840d36d74d3b097ac8cb7)] -> class name: upActive]
[15:08:54:484] [INFO] - com.lz.libarary.utils.SeleniumEventListener.beforeFindBy(SeleniumEventListener.java:71) - beforeFindBy:seaching............[[RemoteWebDriver: chrome on LINUX (800d34f8b13840d36d74d3b097ac8cb7)] -> link text: 小区管理]
[15:08:57:255] [INFO] - com.lz.libarary.utils.SeleniumEventListener.beforeFindBy(SeleniumEventListener.java:71) - beforeFindBy:seaching............[[RemoteWebDriver: chrome on LINUX (800d34f8b13840d36d74d3b097ac8cb7)] -> class name: add]
[15:08:59:700] [INFO] - com.lz.libarary.utils.SeleniumEventListener.beforeFindBy(SeleniumEventListener.java:71) - beforeFindBy:seaching............[[RemoteWebDriver: chrome on LINUX (800d34f8b13840d36d74d3b097ac8cb7)] -> name: community.name]
[15:09:00:254] [INFO] - com.lz.libarary.utils.SeleniumEventListener.beforeFindBy(SeleniumEventListener.java:71) - beforeFindBy:seaching............[[RemoteWebDriver: chrome on LINUX (800d34f8b13840d36d74d3b097ac8cb7)] -> css selector: select.combox.required]
[15:09:00:677] [INFO] - com.lz.libarary.utils.SeleniumEventListener.beforeFindBy(SeleniumEventListener.java:71) - beforeFindBy:seaching............[[RemoteWebDriver: chrome on LINUX (800d34f8b13840d36d74d3b097ac8cb7)] -> xpath: .//option[@value = "110000"]]
[15:09:01:201] [INFO] - com.lz.libarary.utils.SeleniumEventListener.beforeFindBy(SeleniumEventListener.java:71) - beforeFindBy:seaching............[[RemoteWebDriver: chrome on LINUX (800d34f8b13840d36d74d3b097ac8cb7)] -> id: community_input_city_id]
[15:09:01:516] [INFO] - com.lz.libarary.utils.SeleniumEventListener.beforeFindBy(SeleniumEventListener.java:71) - beforeFindBy:seaching............[[RemoteWebDriver: chrome on LINUX (800d34f8b13840d36d74d3b097ac8cb7)] -> id: community_input_city_id]
[15:09:01:840] [INFO] - com.lz.libarary.utils.SeleniumEventListener.beforeFindBy(SeleniumEventListener.java:71) - beforeFindBy:seaching............[[RemoteWebDriver: chrome on LINUX (800d34f8b13840d36d74d3b097ac8cb7)] -> id: community_input_city_id]
[15:09:02:119] [INFO] - com.lz.libarary.utils.SeleniumEventListener.beforeFindBy(SeleniumEventListener.java:71) - beforeFindBy:seaching............[[RemoteWebDriver: chrome on LINUX (800d34f8b13840d36d74d3b097ac8cb7)] -> xpath: .//option[@value = "110100"]]
[15:09:02:847] [INFO] - com.lz.libarary.utils.SeleniumEventListener.beforeFindBy(SeleniumEventListener.java:71) - beforeFindBy:seaching............[[RemoteWebDriver: chrome on LINUX (800d34f8b13840d36d74d3b097ac8cb7)] -> id: community_input_region_id]
[15:09:03:405] [INFO] - com.lz.libarary.utils.SeleniumEventListener.beforeFindBy(SeleniumEventListener.java:71) - beforeFindBy:seaching............[[RemoteWebDriver: chrome on LINUX (800d34f8b13840d36d74d3b097ac8cb7)] -> id: community_input_region_id]
[15:09:03:733] [INFO] - com.lz.libarary.utils.SeleniumEventListener.beforeFindBy(SeleniumEventListener.java:71) - beforeFindBy:seaching............[[RemoteWebDriver: chrome on LINUX (800d34f8b13840d36d74d3b097ac8cb7)] -> id: community_input_region_id]
[15:09:04:271] [INFO] - com.lz.libarary.utils.SeleniumEventListener.beforeFindBy(SeleniumEventListener.java:71) - beforeFindBy:seaching............[[RemoteWebDriver: chrome on LINUX (800d34f8b13840d36d74d3b097ac8cb7)] -> xpath: .//option[@value = "110101"]]
[15:09:04:941] [INFO] - com.lz.libarary.utils.SeleniumEventListener.beforeFindBy(SeleniumEventListener.java:71) - beforeFindBy:seaching............[[RemoteWebDriver: chrome on LINUX (800d34f8b13840d36d74d3b097ac8cb7)] -> name: community.community_addr]
[15:09:05:937] [INFO] - com.lz.libarary.utils.SeleniumEventListener.beforeFindBy(SeleniumEventListener.java:71) - beforeFindBy:seaching............[[RemoteWebDriver: chrome on LINUX (800d34f8b13840d36d74d3b097ac8cb7)] -> name: community.lon]
[15:09:07:235] [INFO] - com.lz.libarary.utils.SeleniumEventListener.beforeFindBy(SeleniumEventListener.java:71) - beforeFindBy:seaching............[[RemoteWebDriver: chrome on LINUX (800d34f8b13840d36d74d3b097ac8cb7)] -> name: community.lat]
[15:09:08:160] [INFO] - com.lz.libarary.utils.SeleniumEventListener.beforeFindBy(SeleniumEventListener.java:71) - beforeFindBy:seaching............[[RemoteWebDriver: chrome on LINUX (800d34f8b13840d36d74d3b097ac8cb7)] -> name: community.community_type]
[15:09:09:244] [INFO] - com.lz.libarary.utils.SeleniumEventListener.beforeFindBy(SeleniumEventListener.java:71) - beforeFindBy:seaching............[[RemoteWebDriver: chrome on LINUX (800d34f8b13840d36d74d3b097ac8cb7)] -> xpath: .//option[normalize-space(.) = "真实小区"]]
[15:09:11:192] [INFO] - com.lz.libarary.utils.SeleniumEventListener.beforeFindBy(SeleniumEventListener.java:71) - beforeFindBy:seaching............[[RemoteWebDriver: chrome on LINUX (800d34f8b13840d36d74d3b097ac8cb7)] -> name: community.bluetooth_key]
[15:09:11:632] [INFO] - com.lz.libarary.utils.SeleniumEventListener.beforeFindBy(SeleniumEventListener.java:71) - beforeFindBy:seaching............[[RemoteWebDriver: chrome on LINUX (800d34f8b13840d36d74d3b097ac8cb7)] -> name: community.invite_code_max_count]
[15:09:13:099] [INFO] - com.lz.libarary.utils.SeleniumEventListener.beforeFindBy(SeleniumEventListener.java:71) - beforeFindBy:seaching............[[RemoteWebDriver: chrome on LINUX (800d34f8b13840d36d74d3b097ac8cb7)] -> id: communityInputPropertyDialog]
[15:09:15:556] [INFO] - com.lz.libarary.utils.SeleniumEventListener.beforeFindBy(SeleniumEventListener.java:71) - beforeFindBy:seaching............[[RemoteWebDriver: chrome on LINUX (800d34f8b13840d36d74d3b097ac8cb7)] -> xpath: //*[@class='dialogContent layoutBox unitBox']/div[2]/div[@class='grid']]
[15:09:17:974] [INFO] - com.lz.libarary.utils.SeleniumEventListener.beforeFindBy(SeleniumEventListener.java:71) - beforeFindBy:seaching............[[RemoteWebDriver: chrome on LINUX (800d34f8b13840d36d74d3b097ac8cb7)] -> xpath: //*[@class='dialogContent layoutBox unitBox']/div[2]/div[@class='grid']/div[2]/div[@class='gridTbody']/table/tbody]
[15:09:18:270] [INFO] - com.lz.libarary.utils.SeleniumEventListener.beforeFindBy(SeleniumEventListener.java:71) - beforeFindBy:seaching............[[RemoteWebDriver: chrome on LINUX (800d34f8b13840d36d74d3b097ac8cb7)] -> tag name: tr]
[15:09:18:579] [INFO] - com.lz.libarary.utils.SeleniumEventListener.beforeFindBy(SeleniumEventListener.java:71) - beforeFindBy:seaching............[[RemoteWebDriver: chrome on LINUX (800d34f8b13840d36d74d3b097ac8cb7)] -> xpath: //*[@class='dialogContent layoutBox unitBox']/div[2]/div[@class='grid']/div[2]/div[@class='gridTbody']/table/tbody/tr[1]/td[1]]
[15:09:18:949] [INFO] - com.lz.libarary.utils.SeleniumEventListener.beforeFindBy(SeleniumEventListener.java:71) - beforeFindBy:seaching............[[RemoteWebDriver: chrome on LINUX (800d34f8b13840d36d74d3b097ac8cb7)] -> xpath: //*[@class='dialogContent layoutBox unitBox']/div[2]/div[@class='grid']/div[2]/div[@class='gridTbody']/table/tbody/tr[1]/td[6]]
[15:09:19:369] [INFO] - com.lz.libarary.utils.SeleniumEventListener.beforeFindBy(SeleniumEventListener.java:71) - beforeFindBy:seaching............[[RemoteWebDriver: chrome on LINUX (800d34f8b13840d36d74d3b097ac8cb7)] -> link text: 选择]
[15:09:21:807] [INFO] - com.lz.libarary.utils.SeleniumEventListener.beforeFindBy(SeleniumEventListener.java:71) - beforeFindBy:seaching............[[RemoteWebDriver: chrome on LINUX (800d34f8b13840d36d74d3b097ac8cb7)] -> class name: h_seachDialog]
[15:09:24:616] [INFO] - com.lz.libarary.utils.SeleniumEventListener.beforeFindBy(SeleniumEventListener.java:71) - beforeFindBy:seaching............[[RemoteWebDriver: chrome on LINUX (800d34f8b13840d36d74d3b097ac8cb7)] -> xpath: //*[@class='dialogContent layoutBox unitBox']/div[2]/div[@class='grid']]
[15:09:30:348] [INFO] - com.lz.libarary.utils.SeleniumEventListener.beforeFindBy(SeleniumEventListener.java:71) - beforeFindBy:seaching............[[RemoteWebDriver: chrome on LINUX (800d34f8b13840d36d74d3b097ac8cb7)] -> xpath: //*[@class='dialogContent layoutBox unitBox']/div[2]/div[@class='grid']/div[2]/div[@class='gridTbody']/table/tbody]
[15:09:30:626] [INFO] - com.lz.libarary.utils.SeleniumEventListener.beforeFindBy(SeleniumEventListener.java:71) - beforeFindBy:seaching............[[RemoteWebDriver: chrome on LINUX (800d34f8b13840d36d74d3b097ac8cb7)] -> tag name: tr]
[15:09:30:935] [INFO] - com.lz.libarary.utils.SeleniumEventListener.beforeFindBy(SeleniumEventListener.java:71) - beforeFindBy:seaching............[[RemoteWebDriver: chrome on LINUX (800d34f8b13840d36d74d3b097ac8cb7)] -> xpath: //*[@class='dialogContent layoutBox unitBox']/div[2]/div[@class='grid']/div[2]/div[@class='gridTbody']/table/tbody/tr[1]/td[1]]
[15:09:31:567] [INFO] - com.lz.libarary.utils.SeleniumEventListener.beforeFindBy(SeleniumEventListener.java:71) - beforeFindBy:seaching............[[RemoteWebDriver: chrome on LINUX (800d34f8b13840d36d74d3b097ac8cb7)] -> xpath: //*[@class='dialogContent layoutBox unitBox']/div[2]/div[@class='grid']/div[2]/div[@class='gridTbody']/table/tbody/tr[1]/td[3]]
[15:09:31:952] [INFO] - com.lz.libarary.utils.SeleniumEventListener.beforeFindBy(SeleniumEventListener.java:71) - beforeFindBy:seaching............[[RemoteWebDriver: chrome on LINUX (800d34f8b13840d36d74d3b097ac8cb7)] -> link text: 选择]
[15:09:34:380] [INFO] - com.lz.libarary.utils.SeleniumEventListener.beforeFindBy(SeleniumEventListener.java:71) - beforeFindBy:seaching............[[RemoteWebDriver: chrome on LINUX (800d34f8b13840d36d74d3b097ac8cb7)] -> id: communityAddButton]
[15:09:35:126] [INFO] - com.lz.libarary.utils.SeleniumEventListener.beforeFindBy(SeleniumEventListener.java:71) - beforeFindBy:seaching............[[RemoteWebDriver: chrome on LINUX (800d34f8b13840d36d74d3b097ac8cb7)] -> css selector: div.msg.msgMsg]
[15:09:41:906] [INFO] - com.lz.libarary.utils.SeleniumEventListener.beforeFindBy(SeleniumEventListener.java:71) - beforeFindBy:seaching............[[RemoteWebDriver: chrome on LINUX (800d34f8b13840d36d74d3b097ac8cb7)] -> class name: textInput]
[15:09:42:764] [INFO] - com.lz.libarary.utils.SeleniumEventListener.beforeFindBy(SeleniumEventListener.java:71) - beforeFindBy:seaching............[[RemoteWebDriver: chrome on LINUX (800d34f8b13840d36d74d3b097ac8cb7)] -> class name: textInput]
[15:09:43:573] [INFO] - com.lz.libarary.utils.SeleniumEventListener.beforeFindBy(SeleniumEventListener.java:71) - beforeFindBy:seaching............[[RemoteWebDriver: chrome on LINUX (800d34f8b13840d36d74d3b097ac8cb7)] -> css selector: button[class='buttonSeacher'][type='submit']]
[15:09:43:893] [INFO] - com.lz.libarary.pages.PublicPage.findKeywords(PublicPage.java:84) - 查找成功
[15:09:47:412] [INFO] - com.lz.libarary.utils.SeleniumEventListener.beforeFindBy(SeleniumEventListener.java:71) - beforeFindBy:seaching............[[RemoteWebDriver: chrome on LINUX (800d34f8b13840d36d74d3b097ac8cb7)] -> xpath: //*[@class='gridTbody']/table/tbody]
[15:09:48:348] [INFO] - com.lz.libarary.utils.SeleniumEventListener.beforeFindBy(SeleniumEventListener.java:71) - beforeFindBy:seaching............[[RemoteWebDriver: chrome on LINUX (800d34f8b13840d36d74d3b097ac8cb7)] -> tag name: tr]
[15:09:49:512] [INFO] - com.lz.libarary.utils.SeleniumEventListener.beforeFindBy(SeleniumEventListener.java:71) - beforeFindBy:seaching............[[RemoteWebDriver: chrome on LINUX (800d34f8b13840d36d74d3b097ac8cb7)] -> xpath: //*[@class='gridTbody']/table/tbody/tr[1]/td[1]]
[15:09:50:566] [INFO] - testng.CommunityController.communityAction(CommunityController.java:105) - 添加小区pass!并查找成功
[15:09:51:374] [INFO] - com.lz.libarary.utils.SeleniumEventListener.beforeFindBy(SeleniumEventListener.java:71) - beforeFindBy:seaching............[[RemoteWebDriver: chrome on LINUX (800d34f8b13840d36d74d3b097ac8cb7)] -> xpath: //*[@class='gridTbody']/table/tbody]
[15:09:51:949] [INFO] - com.lz.libarary.utils.SeleniumEventListener.beforeFindBy(SeleniumEventListener.java:71) - beforeFindBy:seaching............[[RemoteWebDriver: chrome on LINUX (800d34f8b13840d36d74d3b097ac8cb7)] -> tag name: tr]
[15:09:52:526] [INFO] - com.lz.libarary.utils.SeleniumEventListener.beforeFindBy(SeleniumEventListener.java:71) - beforeFindBy:seaching............[[RemoteWebDriver: chrome on LINUX (800d34f8b13840d36d74d3b097ac8cb7)] -> xpath: //*[@class='gridTbody']/table/tbody/tr[1]/td[1]]
[15:09:53:296] [INFO] - com.lz.libarary.utils.SeleniumEventListener.beforeFindBy(SeleniumEventListener.java:71) - beforeFindBy:seaching............[[RemoteWebDriver: chrome on LINUX (800d34f8b13840d36d74d3b097ac8cb7)] -> xpath: //*[@class='gridTbody']/table/tbody/tr[1]/td[2]]
[15:09:53:914] [INFO] - com.lz.libarary.utils.SeleniumEventListener.beforeFindBy(SeleniumEventListener.java:71) - beforeFindBy:seaching............[[RemoteWebDriver: chrome on LINUX (800d34f8b13840d36d74d3b097ac8cb7)] -> xpath: //*[@class='gridTbody']/table/tbody/tr[1]/td[3]]
[15:09:54:546] [INFO] - com.lz.libarary.utils.SeleniumEventListener.beforeFindBy(SeleniumEventListener.java:71) - beforeFindBy:seaching............[[RemoteWebDriver: chrome on LINUX (800d34f8b13840d36d74d3b097ac8cb7)] -> xpath: //*[@class='gridTbody']/table/tbody/tr[1]/td[5]]
[15:09:55:581] [INFO] - com.lz.libarary.utils.SeleniumEventListener.beforeFindBy(SeleniumEventListener.java:71) - beforeFindBy:seaching............[[RemoteWebDriver: chrome on LINUX (800d34f8b13840d36d74d3b097ac8cb7)] -> xpath: //*[@class='gridTbody']/table/tbody/tr[1]/td[6]]
[15:09:55:962] [INFO] - com.lz.libarary.pages.HouseManagement.houseCheck(HouseManagement.java:367) - --------北京市-北京市-东城区
[15:09:56:049] [INFO] - com.lz.libarary.pages.HouseManagement.houseCheck(HouseManagement.java:368) - --------真实小区
[15:09:56:130] [INFO] - com.lz.libarary.pages.HouseManagement.houseCheck(HouseManagement.java:369) - --------songer物业
[15:09:56:209] [INFO] - com.lz.libarary.pages.HouseManagement.houseCheck(HouseManagement.java:370) - --------北京分公司
[15:09:56:778] [INFO] - testng.CommunityController.communityAction(CommunityController.java:110) - 核对小区信息pass!
[15:09:58:990] [INFO] - com.lz.libarary.utils.SeleniumEventListener.beforeFindBy(SeleniumEventListener.java:71) - beforeFindBy:seaching............[[RemoteWebDriver: chrome on LINUX (800d34f8b13840d36d74d3b097ac8cb7)] -> class name: add]
[15:09:59:261] [INFO] - com.lz.libarary.utils.SeleniumEventListener.beforeFindBy(SeleniumEventListener.java:71) - beforeFindBy:seaching............[[RemoteWebDriver: chrome on LINUX (800d34f8b13840d36d74d3b097ac8cb7)] -> xpath: //*[@class='gridTbody']/table/tbody/tr[1]/td[14]]
[15:10:00:167] [INFO] - com.lz.libarary.utils.SeleniumEventListener.beforeFindBy(SeleniumEventListener.java:71) - beforeFindBy:seaching............[[RemoteWebDriver: chrome on LINUX (800d34f8b13840d36d74d3b097ac8cb7)] -> link text: 楼宇管理]
[15:10:02:975] [INFO] - com.lz.libarary.utils.SeleniumEventListener.beforeFindBy(SeleniumEventListener.java:71) - beforeFindBy:seaching............[[RemoteWebDriver: chrome on LINUX (800d34f8b13840d36d74d3b097ac8cb7)] -> id: tree_communityTreeList_1_span]
[15:10:03:671] [INFO] - com.lz.libarary.utils.SeleniumEventListener.beforeFindBy(SeleniumEventListener.java:71) - beforeFindBy:seaching............[[RemoteWebDriver: chrome on LINUX (800d34f8b13840d36d74d3b097ac8cb7)] -> id: community_addBtn_tree_communityTreeList_1]
[15:10:05:502] [INFO] - com.lz.libarary.utils.SeleniumEventListener.beforeFindBy(SeleniumEventListener.java:71) - beforeFindBy:seaching............[[RemoteWebDriver: chrome on LINUX (800d34f8b13840d36d74d3b097ac8cb7)] -> name: partition.name]
[15:10:05:954] [INFO] - com.lz.libarary.utils.SeleniumEventListener.beforeFindBy(SeleniumEventListener.java:71) - beforeFindBy:seaching............[[RemoteWebDriver: chrome on LINUX (800d34f8b13840d36d74d3b097ac8cb7)] -> class name: btnRedS]
[15:10:06:629] [INFO] - com.lz.libarary.utils.SeleniumEventListener.beforeFindBy(SeleniumEventListener.java:71) - beforeFindBy:seaching............[[RemoteWebDriver: chrome on LINUX (800d34f8b13840d36d74d3b097ac8cb7)] -> css selector: div.msg.msgMsg]
[15:10:08:956] [INFO] - com.lz.libarary.utils.SeleniumEventListener.beforeFindBy(SeleniumEventListener.java:71) - beforeFindBy:seaching............[[RemoteWebDriver: chrome on LINUX (800d34f8b13840d36d74d3b097ac8cb7)] -> id: tree_communityTreeList_2_span]
[15:10:09:590] [INFO] - com.lz.libarary.utils.SeleniumEventListener.beforeFindBy(SeleniumEventListener.java:71) - beforeFindBy:seaching............[[RemoteWebDriver: chrome on LINUX (800d34f8b13840d36d74d3b097ac8cb7)] -> id: tree_communityTreeList_2_span]
[15:10:09:988] [INFO] - com.lz.libarary.utils.SeleniumEventListener.beforeFindBy(SeleniumEventListener.java:71) - beforeFindBy:seaching............[[RemoteWebDriver: chrome on LINUX (800d34f8b13840d36d74d3b097ac8cb7)] -> id: community_addBtn_tree_communityTreeList_2]
[15:10:10:821] [INFO] - com.lz.libarary.utils.SeleniumEventListener.beforeFindBy(SeleniumEventListener.java:71) - beforeFindBy:seaching............[[RemoteWebDriver: chrome on LINUX (800d34f8b13840d36d74d3b097ac8cb7)] -> name: tenementList[0].name]
[15:10:11:213] [INFO] - com.lz.libarary.utils.SeleniumEventListener.beforeFindBy(SeleniumEventListener.java:71) - beforeFindBy:seaching............[[RemoteWebDriver: chrome on LINUX (800d34f8b13840d36d74d3b097ac8cb7)] -> class name: btnRedS]
[15:10:11:802] [INFO] - com.lz.libarary.utils.SeleniumEventListener.beforeFindBy(SeleniumEventListener.java:71) - beforeFindBy:seaching............[[RemoteWebDriver: chrome on LINUX (800d34f8b13840d36d74d3b097ac8cb7)] -> css selector: div.msg.msgMsg]
[15:10:14:250] [INFO] - com.lz.libarary.utils.SeleniumEventListener.beforeFindBy(SeleniumEventListener.java:71) - beforeFindBy:seaching............[[RemoteWebDriver: chrome on LINUX (800d34f8b13840d36d74d3b097ac8cb7)] -> id: tree_communityTreeList_3_span]
[15:10:14:669] [INFO] - com.lz.libarary.utils.SeleniumEventListener.beforeFindBy(SeleniumEventListener.java:71) - beforeFindBy:seaching............[[RemoteWebDriver: chrome on LINUX (800d34f8b13840d36d74d3b097ac8cb7)] -> id: community_addBtn_tree_communityTreeList_3]
[15:10:15:238] [INFO] - com.lz.libarary.utils.SeleniumEventListener.beforeFindBy(SeleniumEventListener.java:71) - beforeFindBy:seaching............[[RemoteWebDriver: chrome on LINUX (800d34f8b13840d36d74d3b097ac8cb7)] -> name: unitList[0].name]
[15:10:17:397] [INFO] - com.lz.libarary.utils.SeleniumEventListener.beforeFindBy(SeleniumEventListener.java:71) - beforeFindBy:seaching............[[RemoteWebDriver: chrome on LINUX (800d34f8b13840d36d74d3b097ac8cb7)] -> class name: btnRedS]
[15:10:19:785] [INFO] - com.lz.libarary.utils.SeleniumEventListener.beforeFindBy(SeleniumEventListener.java:71) - beforeFindBy:seaching............[[RemoteWebDriver: chrome on LINUX (800d34f8b13840d36d74d3b097ac8cb7)] -> css selector: div.msg.msgMsg]
[15:10:22:125] [INFO] - com.lz.libarary.utils.SeleniumEventListener.beforeFindBy(SeleniumEventListener.java:71) - beforeFindBy:seaching............[[RemoteWebDriver: chrome on LINUX (800d34f8b13840d36d74d3b097ac8cb7)] -> id: tree_communityTreeList_4_span]
[15:10:22:837] [INFO] - com.lz.libarary.utils.SeleniumEventListener.beforeFindBy(SeleniumEventListener.java:71) - beforeFindBy:seaching............[[RemoteWebDriver: chrome on LINUX (800d34f8b13840d36d74d3b097ac8cb7)] -> id: community_addBtn_tree_communityTreeList_4]
[15:10:23:411] [INFO] - com.lz.libarary.utils.SeleniumEventListener.beforeFindBy(SeleniumEventListener.java:71) - beforeFindBy:seaching............[[RemoteWebDriver: chrome on LINUX (800d34f8b13840d36d74d3b097ac8cb7)] -> name: add_type]
[15:10:23:838] [INFO] - com.lz.libarary.utils.SeleniumEventListener.beforeFindBy(SeleniumEventListener.java:71) - beforeFindBy:seaching............[[RemoteWebDriver: chrome on LINUX (800d34f8b13840d36d74d3b097ac8cb7)] -> name: room.name]
[15:10:24:214] [INFO] - com.lz.libarary.utils.SeleniumEventListener.beforeFindBy(SeleniumEventListener.java:71) - beforeFindBy:seaching............[[RemoteWebDriver: chrome on LINUX (800d34f8b13840d36d74d3b097ac8cb7)] -> class name: btnRedS]
[15:10:26:601] [INFO] - com.lz.libarary.utils.SeleniumEventListener.beforeFindBy(SeleniumEventListener.java:71) - beforeFindBy:seaching............[[RemoteWebDriver: chrome on LINUX (800d34f8b13840d36d74d3b097ac8cb7)] -> css selector: div.msg.msgMsg]
[15:10:29:722] [INFO] - testng.CommunityController.communityAction(CommunityController.java:121) - 添加楼宇pass!
[15:10:32:058] [INFO] - com.lz.libarary.utils.SeleniumEventListener.beforeFindBy(SeleniumEventListener.java:71) - beforeFindBy:seaching............[[RemoteWebDriver: chrome on LINUX (800d34f8b13840d36d74d3b097ac8cb7)] -> class name: add]
[15:10:32:334] [INFO] - com.lz.libarary.utils.SeleniumEventListener.beforeFindBy(SeleniumEventListener.java:71) - beforeFindBy:seaching............[[RemoteWebDriver: chrome on LINUX (800d34f8b13840d36d74d3b097ac8cb7)] -> xpath: //*[@class='gridTbody']/table/tbody/tr[1]/td[14]]
[15:10:32:673] [INFO] - com.lz.libarary.utils.SeleniumEventListener.beforeFindBy(SeleniumEventListener.java:71) - beforeFindBy:seaching............[[RemoteWebDriver: chrome on LINUX (800d34f8b13840d36d74d3b097ac8cb7)] -> link text: 小区住户详情]
[15:10:35:461] [INFO] - com.lz.libarary.utils.SeleniumEventListener.beforeFindBy(SeleniumEventListener.java:71) - beforeFindBy:seaching............[[RemoteWebDriver: chrome on LINUX (800d34f8b13840d36d74d3b097ac8cb7)] -> id: tree_communityTreeList_4_switch]
[15:10:37:709] [INFO] - com.lz.libarary.utils.SeleniumEventListener.beforeFindBy(SeleniumEventListener.java:71) - beforeFindBy:seaching............[[RemoteWebDriver: chrome on LINUX (800d34f8b13840d36d74d3b097ac8cb7)] -> id: tree_communityTreeList_4_switch]
[15:10:38:017] [INFO] - com.lz.libarary.utils.SeleniumEventListener.beforeFindBy(SeleniumEventListener.java:71) - beforeFindBy:seaching............[[RemoteWebDriver: chrome on LINUX (800d34f8b13840d36d74d3b097ac8cb7)] -> id: tree_communityTreeList_4_switch]
[15:10:39:318] [INFO] - com.lz.libarary.utils.SeleniumEventListener.beforeFindBy(SeleniumEventListener.java:71) - beforeFindBy:seaching............[[RemoteWebDriver: chrome on LINUX (800d34f8b13840d36d74d3b097ac8cb7)] -> id: tree_communityTreeList_4_switch]
[15:10:40:717] [INFO] - com.lz.libarary.utils.SeleniumEventListener.beforeFindBy(SeleniumEventListener.java:71) - beforeFindBy:seaching............[[RemoteWebDriver: chrome on LINUX (800d34f8b13840d36d74d3b097ac8cb7)] -> id: tree_communityTreeList_5_span]
[15:10:41:821] [INFO] - com.lz.libarary.utils.SeleniumEventListener.beforeFindBy(SeleniumEventListener.java:71) - beforeFindBy:seaching............[[RemoteWebDriver: chrome on LINUX (800d34f8b13840d36d74d3b097ac8cb7)] -> id: community_addBtn_tree_communityTreeList_5]
[15:10:44:215] [INFO] - com.lz.libarary.utils.SeleniumEventListener.beforeFindBy(SeleniumEventListener.java:71) - beforeFindBy:seaching............[[RemoteWebDriver: chrome on LINUX (800d34f8b13840d36d74d3b097ac8cb7)] -> name: resident.mobile_phone]
[15:10:47:679] [INFO] - com.lz.libarary.utils.SeleniumEventListener.beforeFindBy(SeleniumEventListener.java:71) - beforeFindBy:seaching............[[RemoteWebDriver: chrome on LINUX (800d34f8b13840d36d74d3b097ac8cb7)] -> name: resident.app_user_name]
[15:10:47:994] [INFO] - com.lz.libarary.utils.SeleniumEventListener.beforeFindBy(SeleniumEventListener.java:71) - beforeFindBy:seaching............[[RemoteWebDriver: chrome on LINUX (800d34f8b13840d36d74d3b097ac8cb7)] -> name: resident.app_user_name]
[15:10:48:324] [INFO] - com.lz.libarary.utils.SeleniumEventListener.beforeFindBy(SeleniumEventListener.java:71) - beforeFindBy:seaching............[[RemoteWebDriver: chrome on LINUX (800d34f8b13840d36d74d3b097ac8cb7)] -> class name: btnRedS]
[15:10:48:890] [INFO] - com.lz.libarary.utils.SeleniumEventListener.beforeFindBy(SeleniumEventListener.java:71) - beforeFindBy:seaching............[[RemoteWebDriver: chrome on LINUX (800d34f8b13840d36d74d3b097ac8cb7)] -> name: resident.app_user_name]
[15:10:51:142] [INFO] - com.lz.libarary.utils.SeleniumEventListener.beforeFindBy(SeleniumEventListener.java:71) - beforeFindBy:seaching............[[RemoteWebDriver: chrome on LINUX (800d34f8b13840d36d74d3b097ac8cb7)] -> name: resident.app_user_name]
[15:10:51:453] [INFO] - com.lz.libarary.utils.SeleniumEventListener.beforeFindBy(SeleniumEventListener.java:71) - beforeFindBy:seaching............[[RemoteWebDriver: chrome on LINUX (800d34f8b13840d36d74d3b097ac8cb7)] -> name: resident.app_user_name]
[15:10:51:754] [INFO] - com.lz.libarary.utils.SeleniumEventListener.beforeFindBy(SeleniumEventListener.java:71) - beforeFindBy:seaching............[[RemoteWebDriver: chrome on LINUX (800d34f8b13840d36d74d3b097ac8cb7)] -> class name: btnRedS]
[15:10:54:145] [INFO] - com.lz.libarary.utils.SeleniumEventListener.beforeFindBy(SeleniumEventListener.java:71) - beforeFindBy:seaching............[[RemoteWebDriver: chrome on LINUX (800d34f8b13840d36d74d3b097ac8cb7)] -> css selector: div.msg.msgMsg]
[15:10:55:271] [INFO] - testng.CommunityController.communityAction(CommunityController.java:126) - 添加户主pass!
[15:10:57:557] [INFO] - com.lz.libarary.utils.SeleniumEventListener.beforeFindBy(SeleniumEventListener.java:71) - beforeFindBy:seaching............[[RemoteWebDriver: chrome on LINUX (800d34f8b13840d36d74d3b097ac8cb7)] -> class name: selected]
[15:10:59:226] [INFO] - com.lz.libarary.utils.SeleniumEventListener.beforeFindBy(SeleniumEventListener.java:71) - beforeFindBy:seaching............[[RemoteWebDriver: chrome on LINUX (800d34f8b13840d36d74d3b097ac8cb7)] -> class name: close]
[15:11:02:695] [INFO] - com.lz.libarary.utils.SeleniumEventListener.beforeFindBy(SeleniumEventListener.java:71) - beforeFindBy:seaching............[[RemoteWebDriver: chrome on LINUX (800d34f8b13840d36d74d3b097ac8cb7)] -> class name: downActive]
[15:11:02:934] [INFO] - com.lz.libarary.utils.SeleniumEventListener.beforeFindBy(SeleniumEventListener.java:71) - beforeFindBy:seaching............[[RemoteWebDriver: chrome on LINUX (800d34f8b13840d36d74d3b097ac8cb7)] -> class name: downActive]
[15:11:03:351] [INFO] - com.lz.libarary.utils.SeleniumEventListener.beforeFindBy(SeleniumEventListener.java:71) - beforeFindBy:seaching............[[RemoteWebDriver: chrome on LINUX (800d34f8b13840d36d74d3b097ac8cb7)] -> class name: upActive]
[15:11:03:873] [INFO] - com.lz.libarary.utils.SeleniumEventListener.beforeFindBy(SeleniumEventListener.java:71) - beforeFindBy:seaching............[[RemoteWebDriver: chrome on LINUX (800d34f8b13840d36d74d3b097ac8cb7)] -> class name: upActive]
[15:11:04:006] [INFO] - com.lz.libarary.pages.PublicPage.clickLeftListAction(PublicPage.java:58) - upActive
[15:11:04:195] [INFO] - com.lz.libarary.utils.SeleniumEventListener.beforeFindBy(SeleniumEventListener.java:71) - beforeFindBy:seaching............[[RemoteWebDriver: chrome on LINUX (800d34f8b13840d36d74d3b097ac8cb7)] -> class name: upActive]
[15:11:06:557] [INFO] - com.lz.libarary.utils.SeleniumEventListener.beforeFindBy(SeleniumEventListener.java:71) - beforeFindBy:seaching............[[RemoteWebDriver: chrome on LINUX (800d34f8b13840d36d74d3b097ac8cb7)] -> link text: 终端设备管理]
[15:11:09:272] [INFO] - com.lz.libarary.utils.SeleniumEventListener.beforeFindBy(SeleniumEventListener.java:71) - beforeFindBy:seaching............[[RemoteWebDriver: chrome on LINUX (800d34f8b13840d36d74d3b097ac8cb7)] -> class name: add]
[15:11:09:515] [INFO] - com.lz.libarary.utils.SeleniumEventListener.beforeFindBy(SeleniumEventListener.java:71) - beforeFindBy:seaching............[[RemoteWebDriver: chrome on LINUX (800d34f8b13840d36d74d3b097ac8cb7)] -> class name: add]
[15:11:12:340] [INFO] - com.lz.libarary.utils.SeleniumEventListener.beforeFindBy(SeleniumEventListener.java:71) - beforeFindBy:seaching............[[RemoteWebDriver: chrome on LINUX (800d34f8b13840d36d74d3b097ac8cb7)] -> name: equipment.name]
[15:11:12:784] [INFO] - com.lz.libarary.utils.SeleniumEventListener.beforeFindBy(SeleniumEventListener.java:71) - beforeFindBy:seaching............[[RemoteWebDriver: chrome on LINUX (800d34f8b13840d36d74d3b097ac8cb7)] -> name: equipment.serial]
[15:11:13:347] [INFO] - com.lz.libarary.utils.SeleniumEventListener.beforeFindBy(SeleniumEventListener.java:71) - beforeFindBy:seaching............[[RemoteWebDriver: chrome on LINUX (800d34f8b13840d36d74d3b097ac8cb7)] -> name: equipment.area_id]
[15:11:14:028] [INFO] - com.lz.libarary.utils.SeleniumEventListener.beforeFindBy(SeleniumEventListener.java:71) - beforeFindBy:seaching............[[RemoteWebDriver: chrome on LINUX (800d34f8b13840d36d74d3b097ac8cb7)] -> xpath: .//option[@value = "110000"]]
[15:11:14:756] [INFO] - com.lz.libarary.utils.SeleniumEventListener.beforeFindBy(SeleniumEventListener.java:71) - beforeFindBy:seaching............[[RemoteWebDriver: chrome on LINUX (800d34f8b13840d36d74d3b097ac8cb7)] -> id: equipment_add_city_id]
[15:11:15:309] [INFO] - com.lz.libarary.utils.SeleniumEventListener.beforeFindBy(SeleniumEventListener.java:71) - beforeFindBy:seaching............[[RemoteWebDriver: chrome on LINUX (800d34f8b13840d36d74d3b097ac8cb7)] -> id: equipment_add_city_id]
[15:11:15:611] [INFO] - com.lz.libarary.utils.SeleniumEventListener.beforeFindBy(SeleniumEventListener.java:71) - beforeFindBy:seaching............[[RemoteWebDriver: chrome on LINUX (800d34f8b13840d36d74d3b097ac8cb7)] -> id: equipment_add_city_id]
[15:11:15:880] [INFO] - com.lz.libarary.utils.SeleniumEventListener.beforeFindBy(SeleniumEventListener.java:71) - beforeFindBy:seaching............[[RemoteWebDriver: chrome on LINUX (800d34f8b13840d36d74d3b097ac8cb7)] -> xpath: .//option[@value = "110100"]]
[15:11:16:685] [INFO] - com.lz.libarary.utils.SeleniumEventListener.beforeFindBy(SeleniumEventListener.java:71) - beforeFindBy:seaching............[[RemoteWebDriver: chrome on LINUX (800d34f8b13840d36d74d3b097ac8cb7)] -> id: equipment_add_district_id]
[15:11:16:993] [INFO] - com.lz.libarary.utils.SeleniumEventListener.beforeFindBy(SeleniumEventListener.java:71) - beforeFindBy:seaching............[[RemoteWebDriver: chrome on LINUX (800d34f8b13840d36d74d3b097ac8cb7)] -> id: equipment_add_district_id]
[15:11:17:309] [INFO] - com.lz.libarary.utils.SeleniumEventListener.beforeFindBy(SeleniumEventListener.java:71) - beforeFindBy:seaching............[[RemoteWebDriver: chrome on LINUX (800d34f8b13840d36d74d3b097ac8cb7)] -> id: equipment_add_district_id]
[15:11:17:582] [INFO] - com.lz.libarary.utils.SeleniumEventListener.beforeFindBy(SeleniumEventListener.java:71) - beforeFindBy:seaching............[[RemoteWebDriver: chrome on LINUX (800d34f8b13840d36d74d3b097ac8cb7)] -> xpath: .//option[@value = "110101"]]
[15:11:19:156] [INFO] - com.lz.libarary.utils.SeleniumEventListener.beforeFindBy(SeleniumEventListener.java:71) - beforeFindBy:seaching............[[RemoteWebDriver: chrome on LINUX (800d34f8b13840d36d74d3b097ac8cb7)] -> id: equipment_add_community_id]
[15:11:20:506] [INFO] - com.lz.libarary.utils.SeleniumEventListener.beforeFindBy(SeleniumEventListener.java:71) - beforeFindBy:seaching............[[RemoteWebDriver: chrome on LINUX (800d34f8b13840d36d74d3b097ac8cb7)] -> id: equipment_add_community_id]
[15:11:20:838] [INFO] - com.lz.libarary.utils.SeleniumEventListener.beforeFindBy(SeleniumEventListener.java:71) - beforeFindBy:seaching............[[RemoteWebDriver: chrome on LINUX (800d34f8b13840d36d74d3b097ac8cb7)] -> id: equipment_add_community_id]
[15:11:21:142] [INFO] - com.lz.libarary.utils.SeleniumEventListener.beforeFindBy(SeleniumEventListener.java:71) - beforeFindBy:seaching............[[RemoteWebDriver: chrome on LINUX (800d34f8b13840d36d74d3b097ac8cb7)] -> xpath: .//option[normalize-space(.) = "songer.xing"]]
[15:11:23:200] [INFO] - com.lz.libarary.utils.SeleniumEventListener.beforeFindBy(SeleniumEventListener.java:71) - beforeFindBy:seaching............[[RemoteWebDriver: chrome on LINUX (800d34f8b13840d36d74d3b097ac8cb7)] -> id: equipment_add_partition_id]
[15:11:23:542] [INFO] - com.lz.libarary.utils.SeleniumEventListener.beforeFindBy(SeleniumEventListener.java:71) - beforeFindBy:seaching............[[RemoteWebDriver: chrome on LINUX (800d34f8b13840d36d74d3b097ac8cb7)] -> id: equipment_add_partition_id]
[15:11:23:846] [INFO] - com.lz.libarary.utils.SeleniumEventListener.beforeFindBy(SeleniumEventListener.java:71) - beforeFindBy:seaching............[[RemoteWebDriver: chrome on LINUX (800d34f8b13840d36d74d3b097ac8cb7)] -> id: equipment_add_partition_id]
[15:11:24:161] [INFO] - com.lz.libarary.utils.SeleniumEventListener.beforeFindBy(SeleniumEventListener.java:71) - beforeFindBy:seaching............[[RemoteWebDriver: chrome on LINUX (800d34f8b13840d36d74d3b097ac8cb7)] -> xpath: .//option[normalize-space(.) = "xss一区"]]
[15:11:25:638] [INFO] - com.lz.libarary.utils.SeleniumEventListener.beforeFindBy(SeleniumEventListener.java:71) - beforeFindBy:seaching............[[RemoteWebDriver: chrome on LINUX (800d34f8b13840d36d74d3b097ac8cb7)] -> id: equipment_add_tenement_id]
[15:11:26:296] [INFO] - com.lz.libarary.utils.SeleniumEventListener.beforeFindBy(SeleniumEventListener.java:71) - beforeFindBy:seaching............[[RemoteWebDriver: chrome on LINUX (800d34f8b13840d36d74d3b097ac8cb7)] -> id: equipment_add_tenement_id]
[15:11:26:864] [INFO] - com.lz.libarary.utils.SeleniumEventListener.beforeFindBy(SeleniumEventListener.java:71) - beforeFindBy:seaching............[[RemoteWebDriver: chrome on LINUX (800d34f8b13840d36d74d3b097ac8cb7)] -> id: equipment_add_tenement_id]
[15:11:27:246] [INFO] - com.lz.libarary.utils.SeleniumEventListener.beforeFindBy(SeleniumEventListener.java:71) - beforeFindBy:seaching............[[RemoteWebDriver: chrome on LINUX (800d34f8b13840d36d74d3b097ac8cb7)] -> xpath: .//option[normalize-space(.) = "xss楼1"]]
[15:11:29:134] [INFO] - com.lz.libarary.utils.SeleniumEventListener.beforeFindBy(SeleniumEventListener.java:71) - beforeFindBy:seaching............[[RemoteWebDriver: chrome on LINUX (800d34f8b13840d36d74d3b097ac8cb7)] -> id: equipment_add_unit_id]
[15:11:29:887] [INFO] - com.lz.libarary.utils.SeleniumEventListener.beforeFindBy(SeleniumEventListener.java:71) - beforeFindBy:seaching............[[RemoteWebDriver: chrome on LINUX (800d34f8b13840d36d74d3b097ac8cb7)] -> id: equipment_add_unit_id]
[15:11:30:329] [INFO] - com.lz.libarary.utils.SeleniumEventListener.beforeFindBy(SeleniumEventListener.java:71) - beforeFindBy:seaching............[[RemoteWebDriver: chrome on LINUX (800d34f8b13840d36d74d3b097ac8cb7)] -> id: equipment_add_unit_id]
[15:11:30:716] [INFO] - com.lz.libarary.utils.SeleniumEventListener.beforeFindBy(SeleniumEventListener.java:71) - beforeFindBy:seaching............[[RemoteWebDriver: chrome on LINUX (800d34f8b13840d36d74d3b097ac8cb7)] -> tag name: option]
[15:11:31:550] [INFO] - com.lz.libarary.utils.SeleniumEventListener.beforeFindBy(SeleniumEventListener.java:71) - beforeFindBy:seaching............[[RemoteWebDriver: chrome on LINUX (800d34f8b13840d36d74d3b097ac8cb7)] -> id: selectInstallPositionId]
[15:11:32:078] [INFO] - com.lz.libarary.utils.SeleniumEventListener.beforeFindBy(SeleniumEventListener.java:71) - beforeFindBy:seaching............[[RemoteWebDriver: chrome on LINUX (800d34f8b13840d36d74d3b097ac8cb7)] -> id: selectInstallPositionId]
[15:11:32:496] [INFO] - com.lz.libarary.utils.SeleniumEventListener.beforeFindBy(SeleniumEventListener.java:71) - beforeFindBy:seaching............[[RemoteWebDriver: chrome on LINUX (800d34f8b13840d36d74d3b097ac8cb7)] -> id: selectInstallPositionId]
[15:11:32:960] [INFO] - com.lz.libarary.utils.SeleniumEventListener.beforeFindBy(SeleniumEventListener.java:71) - beforeFindBy:seaching............[[RemoteWebDriver: chrome on LINUX (800d34f8b13840d36d74d3b097ac8cb7)] -> xpath: .//option[@value = "COMMUNITY"]]
[15:11:33:901] [INFO] - com.lz.libarary.utils.SeleniumEventListener.beforeFindBy(SeleniumEventListener.java:71) - beforeFindBy:seaching............[[RemoteWebDriver: chrome on LINUX (800d34f8b13840d36d74d3b097ac8cb7)] -> name: equipment.door_no]
[15:11:34:744] [INFO] - com.lz.libarary.utils.SeleniumEventListener.beforeFindBy(SeleniumEventListener.java:71) - beforeFindBy:seaching............[[RemoteWebDriver: chrome on LINUX (800d34f8b13840d36d74d3b097ac8cb7)] -> name: equipment.lon]
[15:11:35:388] [INFO] - com.lz.libarary.utils.SeleniumEventListener.beforeFindBy(SeleniumEventListener.java:71) - beforeFindBy:seaching............[[RemoteWebDriver: chrome on LINUX (800d34f8b13840d36d74d3b097ac8cb7)] -> name: equipment.lat]
[15:11:36:701] [INFO] - com.lz.libarary.utils.SeleniumEventListener.beforeFindBy(SeleniumEventListener.java:71) - beforeFindBy:seaching............[[RemoteWebDriver: chrome on LINUX (800d34f8b13840d36d74d3b097ac8cb7)] -> class name: buttonContent]
[15:11:40:657] [INFO] - com.lz.libarary.utils.SeleniumEventListener.beforeFindBy(SeleniumEventListener.java:71) - beforeFindBy:seaching............[[RemoteWebDriver: chrome on LINUX (800d34f8b13840d36d74d3b097ac8cb7)] -> css selector: div.msg.msgMsg]
[15:11:50:910] [INFO] - com.lz.libarary.utils.SeleniumEventListener.beforeFindBy(SeleniumEventListener.java:71) - beforeFindBy:seaching............[[RemoteWebDriver: chrome on LINUX (800d34f8b13840d36d74d3b097ac8cb7)] -> name: equipment.name]
[15:11:51:507] [INFO] - com.lz.libarary.utils.SeleniumEventListener.beforeFindBy(SeleniumEventListener.java:71) - beforeFindBy:seaching............[[RemoteWebDriver: chrome on LINUX (800d34f8b13840d36d74d3b097ac8cb7)] -> class name: buttonSeacher]
[15:11:51:836] [INFO] - com.lz.libarary.pages.EquipmentManagement.findKeywords(EquipmentManagement.java:183) - 设备查找成功
[15:11:55:155] [INFO] - com.lz.libarary.utils.SeleniumEventListener.beforeFindBy(SeleniumEventListener.java:71) - beforeFindBy:seaching............[[RemoteWebDriver: chrome on LINUX (800d34f8b13840d36d74d3b097ac8cb7)] -> xpath: //*[@class='gridTbody']/table/tbody]
[15:11:55:702] [INFO] - com.lz.libarary.utils.SeleniumEventListener.beforeFindBy(SeleniumEventListener.java:71) - beforeFindBy:seaching............[[RemoteWebDriver: chrome on LINUX (800d34f8b13840d36d74d3b097ac8cb7)] -> tag name: tr]
[15:11:56:114] [INFO] - com.lz.libarary.utils.SeleniumEventListener.beforeFindBy(SeleniumEventListener.java:71) - beforeFindBy:seaching............[[RemoteWebDriver: chrome on LINUX (800d34f8b13840d36d74d3b097ac8cb7)] -> xpath: //*[@class='gridTbody']/table/tbody/tr[1]/td[5]]
[15:11:56:597] [INFO] - com.lz.libarary.utils.SeleniumEventListener.beforeFindBy(SeleniumEventListener.java:71) - beforeFindBy:seaching............[[RemoteWebDriver: chrome on LINUX (800d34f8b13840d36d74d3b097ac8cb7)] -> xpath: //*[@class='gridTbody']/table/tbody]
[15:11:57:086] [INFO] - com.lz.libarary.utils.SeleniumEventListener.beforeFindBy(SeleniumEventListener.java:71) - beforeFindBy:seaching............[[RemoteWebDriver: chrome on LINUX (800d34f8b13840d36d74d3b097ac8cb7)] -> tag name: tr]
[15:11:57:483] [INFO] - com.lz.libarary.utils.SeleniumEventListener.beforeFindBy(SeleniumEventListener.java:71) - beforeFindBy:seaching............[[RemoteWebDriver: chrome on LINUX (800d34f8b13840d36d74d3b097ac8cb7)] -> xpath: //*[@class='gridTbody']/table/tbody/tr[1]/td[11]]
[15:11:59:965] [INFO] - com.lz.libarary.utils.SeleniumEventListener.beforeFindBy(SeleniumEventListener.java:71) - beforeFindBy:seaching............[[RemoteWebDriver: chrome on LINUX (800d34f8b13840d36d74d3b097ac8cb7)] -> xpath: //*[@class='gridTbody']/table/tbody]
[15:12:00:561] [INFO] - com.lz.libarary.utils.SeleniumEventListener.beforeFindBy(SeleniumEventListener.java:71) - beforeFindBy:seaching............[[RemoteWebDriver: chrome on LINUX (800d34f8b13840d36d74d3b097ac8cb7)] -> tag name: tr]
[15:12:01:267] [INFO] - com.lz.libarary.utils.SeleniumEventListener.beforeFindBy(SeleniumEventListener.java:71) - beforeFindBy:seaching............[[RemoteWebDriver: chrome on LINUX (800d34f8b13840d36d74d3b097ac8cb7)] -> xpath: //*[@class='gridTbody']/table/tbody/tr[1]/td[11]]
[15:12:01:461] [INFO] - testng.CommunityController.equipmentAction(CommunityController.java:210) - 新增设备pass!并查找成功
[15:12:02:627] [INFO] - com.lz.libarary.utils.SeleniumEventListener.beforeFindBy(SeleniumEventListener.java:71) - beforeFindBy:seaching............[[RemoteWebDriver: chrome on LINUX (800d34f8b13840d36d74d3b097ac8cb7)] -> xpath: //*[@class='gridTbody']/table/tbody]
[15:12:03:280] [INFO] - com.lz.libarary.utils.SeleniumEventListener.beforeFindBy(SeleniumEventListener.java:71) - beforeFindBy:seaching............[[RemoteWebDriver: chrome on LINUX (800d34f8b13840d36d74d3b097ac8cb7)] -> tag name: tr]
[15:12:03:559] [INFO] - com.lz.libarary.utils.SeleniumEventListener.beforeFindBy(SeleniumEventListener.java:71) - beforeFindBy:seaching............[[RemoteWebDriver: chrome on LINUX (800d34f8b13840d36d74d3b097ac8cb7)] -> xpath: //*[@class='gridTbody']/table/tbody/tr[1]/td[5]]
[15:12:08:423] [INFO] - com.lz.libarary.utils.SeleniumEventListener.beforeFindBy(SeleniumEventListener.java:71) - beforeFindBy:seaching............[[RemoteWebDriver: chrome on LINUX (800d34f8b13840d36d74d3b097ac8cb7)] -> class name: add]
[15:12:08:805] [INFO] - com.lz.libarary.utils.SeleniumEventListener.beforeFindBy(SeleniumEventListener.java:71) - beforeFindBy:seaching............[[RemoteWebDriver: chrome on LINUX (800d34f8b13840d36d74d3b097ac8cb7)] -> xpath: //*[@class='gridTbody']/table/tbody/tr[1]/td[2]]
[15:12:09:093] [INFO] - com.lz.libarary.utils.SeleniumEventListener.beforeFindBy(SeleniumEventListener.java:71) - beforeFindBy:seaching............[[RemoteWebDriver: chrome on LINUX (800d34f8b13840d36d74d3b097ac8cb7)] -> xpath: //*[@class='gridTbody']/table/tbody/tr[1]/td[3]]
[15:12:09:430] [INFO] - com.lz.libarary.utils.SeleniumEventListener.beforeFindBy(SeleniumEventListener.java:71) - beforeFindBy:seaching............[[RemoteWebDriver: chrome on LINUX (800d34f8b13840d36d74d3b097ac8cb7)] -> xpath: //*[@class='gridTbody']/table/tbody/tr[1]/td[4]]
[15:12:09:596] [INFO] - com.lz.libarary.pages.EquipmentManagement.checkEquipment(EquipmentManagement.java:341) - --------songer.xing
[15:12:09:684] [INFO] - com.lz.libarary.pages.EquipmentManagement.checkEquipment(EquipmentManagement.java:342) - --------xss一区 - xss楼1 - 1单元
[15:12:09:776] [INFO] - com.lz.libarary.pages.EquipmentManagement.checkEquipment(EquipmentManagement.java:343) - --------xss门口
[15:12:09:860] [INFO] - com.lz.libarary.pages.EquipmentManagement.checkEquipment(EquipmentManagement.java:344) - --------true
[15:12:09:950] [INFO] - com.lz.libarary.pages.EquipmentManagement.checkEquipment(EquipmentManagement.java:345) - --------true
[15:12:10:047] [INFO] - com.lz.libarary.pages.EquipmentManagement.checkEquipment(EquipmentManagement.java:346) - --------true
[15:12:10:344] [INFO] - testng.CommunityController.equipmentAction(CommunityController.java:216) - 核对设备信息pass!
[15:12:10:638] [INFO] - com.lz.libarary.utils.SeleniumEventListener.beforeFindBy(SeleniumEventListener.java:71) - beforeFindBy:seaching............[[RemoteWebDriver: chrome on LINUX (800d34f8b13840d36d74d3b097ac8cb7)] -> class name: add]
[15:12:11:070] [INFO] - com.lz.libarary.utils.SeleniumEventListener.beforeFindBy(SeleniumEventListener.java:71) - beforeFindBy:seaching............[[RemoteWebDriver: chrome on LINUX (800d34f8b13840d36d74d3b097ac8cb7)] -> xpath: //*[@class='gridTbody']/table/tbody/tr[1]/td[12]]
[15:12:11:532] [INFO] - com.lz.libarary.utils.SeleniumEventListener.beforeFindBy(SeleniumEventListener.java:71) - beforeFindBy:seaching............[[RemoteWebDriver: chrome on LINUX (800d34f8b13840d36d74d3b097ac8cb7)] -> link text: 详情]
[15:12:14:014] [INFO] - com.lz.libarary.utils.SeleniumEventListener.beforeFindBy(SeleniumEventListener.java:71) - beforeFindBy:seaching............[[RemoteWebDriver: chrome on LINUX (800d34f8b13840d36d74d3b097ac8cb7)] -> xpath: //*[@class='h_detailChange']/dl[1]/dd]
[15:12:14:366] [INFO] - com.lz.libarary.utils.SeleniumEventListener.beforeFindBy(SeleniumEventListener.java:71) - beforeFindBy:seaching............[[RemoteWebDriver: chrome on LINUX (800d34f8b13840d36d74d3b097ac8cb7)] -> xpath: //*[@class='h_detailChange']/dl[2]/dd]
[15:12:14:713] [INFO] - com.lz.libarary.utils.SeleniumEventListener.beforeFindBy(SeleniumEventListener.java:71) - beforeFindBy:seaching............[[RemoteWebDriver: chrome on LINUX (800d34f8b13840d36d74d3b097ac8cb7)] -> xpath: //*[@class='h_detailChange']/dl[3]/dd]
[15:12:15:062] [INFO] - com.lz.libarary.utils.SeleniumEventListener.beforeFindBy(SeleniumEventListener.java:71) - beforeFindBy:seaching............[[RemoteWebDriver: chrome on LINUX (800d34f8b13840d36d74d3b097ac8cb7)] -> xpath: //*[@class='h_detailChange']/dl[4]/dd]
[15:12:15:410] [INFO] - com.lz.libarary.utils.SeleniumEventListener.beforeFindBy(SeleniumEventListener.java:71) - beforeFindBy:seaching............[[RemoteWebDriver: chrome on LINUX (800d34f8b13840d36d74d3b097ac8cb7)] -> xpath: //*[@class='h_detailChange']/dl[5]/dd]
[15:12:16:019] [INFO] - com.lz.libarary.utils.SeleniumEventListener.beforeFindBy(SeleniumEventListener.java:71) - beforeFindBy:seaching............[[RemoteWebDriver: chrome on LINUX (800d34f8b13840d36d74d3b097ac8cb7)] -> xpath: //*[@class='h_detailChange']/dl[6]/dd]
[15:12:16:627] [INFO] - com.lz.libarary.utils.SeleniumEventListener.beforeFindBy(SeleniumEventListener.java:71) - beforeFindBy:seaching............[[RemoteWebDriver: chrome on LINUX (800d34f8b13840d36d74d3b097ac8cb7)] -> xpath: //*[@class='h_detailChange']/dl[7]/dd]
[15:12:16:994] [INFO] - com.lz.libarary.utils.SeleniumEventListener.beforeFindBy(SeleniumEventListener.java:71) - beforeFindBy:seaching............[[RemoteWebDriver: chrome on LINUX (800d34f8b13840d36d74d3b097ac8cb7)] -> xpath: //*[@class='h_detailChange']/dl[8]/dd]
[15:12:17:612] [INFO] - com.lz.libarary.utils.SeleniumEventListener.beforeFindBy(SeleniumEventListener.java:71) - beforeFindBy:seaching............[[RemoteWebDriver: chrome on LINUX (800d34f8b13840d36d74d3b097ac8cb7)] -> xpath: //*[@class='h_detailChange']/dl[9]/dd]
[15:12:17:970] [INFO] - com.lz.libarary.utils.SeleniumEventListener.beforeFindBy(SeleniumEventListener.java:71) - beforeFindBy:seaching............[[RemoteWebDriver: chrome on LINUX (800d34f8b13840d36d74d3b097ac8cb7)] -> xpath: //*[@class='h_detailChange']/dl[10]/dd]
[15:12:19:324] [INFO] - com.lz.libarary.utils.SeleniumEventListener.beforeFindBy(SeleniumEventListener.java:71) - beforeFindBy:seaching............[[RemoteWebDriver: chrome on LINUX (800d34f8b13840d36d74d3b097ac8cb7)] -> xpath: //*[@class='h_detailChange']/dl[11]/dd]
[15:12:19:938] [INFO] - com.lz.libarary.utils.SeleniumEventListener.beforeFindBy(SeleniumEventListener.java:71) - beforeFindBy:seaching............[[RemoteWebDriver: chrome on LINUX (800d34f8b13840d36d74d3b097ac8cb7)] -> xpath: //*[@class='pageFormContent h_inputChange']/div/dl[18]/dd]
[15:12:20:291] [INFO] - com.lz.libarary.utils.SeleniumEventListener.beforeFindBy(SeleniumEventListener.java:71) - beforeFindBy:seaching............[[RemoteWebDriver: chrome on LINUX (800d34f8b13840d36d74d3b097ac8cb7)] -> xpath: //*[@class='pageFormContent h_inputChange']/div/dl[19]/dd]
[15:12:20:619] [INFO] - com.lz.libarary.utils.SeleniumEventListener.beforeFindBy(SeleniumEventListener.java:71) - beforeFindBy:seaching............[[RemoteWebDriver: chrome on LINUX (800d34f8b13840d36d74d3b097ac8cb7)] -> xpath: //*[@class='pageFormContent h_inputChange']/div/dl[18]/dd]
[15:12:20:937] [INFO] - com.lz.libarary.utils.SeleniumEventListener.beforeFindBy(SeleniumEventListener.java:71) - beforeFindBy:seaching............[[RemoteWebDriver: chrome on LINUX (800d34f8b13840d36d74d3b097ac8cb7)] -> xpath: //*[@class='pageFormContent h_inputChange']/div/dl[19]/dd]
[15:12:21:270] [INFO] - com.lz.libarary.utils.SeleniumEventListener.beforeFindBy(SeleniumEventListener.java:71) - beforeFindBy:seaching............[[RemoteWebDriver: chrome on LINUX (800d34f8b13840d36d74d3b097ac8cb7)] -> class name: buttonContent]
[15:12:21:482] [INFO] - testng.CommunityController.equipmentAction(CommunityController.java:220) - 查看设备pass!
[15:12:23:697] [INFO] - com.lz.libarary.utils.SeleniumEventListener.beforeFindBy(SeleniumEventListener.java:71) - beforeFindBy:seaching............[[RemoteWebDriver: chrome on LINUX (800d34f8b13840d36d74d3b097ac8cb7)] -> class name: selected]
[15:12:24:964] [INFO] - com.lz.libarary.utils.SeleniumEventListener.beforeFindBy(SeleniumEventListener.java:71) - beforeFindBy:seaching............[[RemoteWebDriver: chrome on LINUX (800d34f8b13840d36d74d3b097ac8cb7)] -> class name: close]
[15:12:35:975] [INFO] - com.lz.libarary.utils.SeleniumEventListener.beforeFindBy(SeleniumEventListener.java:71) - beforeFindBy:seaching............[[RemoteWebDriver: chrome on LINUX (63a82edb67825e5100055fa5747566e7)] -> id: jsLogin]
[15:12:36:532] [INFO] - com.lz.libarary.utils.SeleniumEventListener.beforeFindBy(SeleniumEventListener.java:71) - beforeFindBy:seaching............[[RemoteWebDriver: chrome on LINUX (63a82edb67825e5100055fa5747566e7)] -> id: login_name]
[15:12:37:390] [INFO] - com.lz.libarary.utils.SeleniumEventListener.beforeFindBy(SeleniumEventListener.java:71) - beforeFindBy:seaching............[[RemoteWebDriver: chrome on LINUX (63a82edb67825e5100055fa5747566e7)] -> id: passwd]
[15:12:38:096] [INFO] - com.lz.libarary.utils.SeleniumEventListener.beforeFindBy(SeleniumEventListener.java:71) - beforeFindBy:seaching............[[RemoteWebDriver: chrome on LINUX (63a82edb67825e5100055fa5747566e7)] -> id: loginBtn]
[15:12:41:568] [INFO] - com.lz.libarary.utils.SeleniumEventListener.beforeFindBy(SeleniumEventListener.java:71) - beforeFindBy:seaching............[[RemoteWebDriver: chrome on LINUX (63a82edb67825e5100055fa5747566e7)] -> id: system-management]
[15:13:00:028] [INFO] - com.lz.libarary.utils.SeleniumEventListener.beforeFindBy(SeleniumEventListener.java:71) - beforeFindBy:seaching............[[RemoteWebDriver: chrome on LINUX (63a82edb67825e5100055fa5747566e7)] -> link text: 用户管理]
[15:13:05:455] [INFO] - com.lz.libarary.utils.SeleniumEventListener.beforeFindBy(SeleniumEventListener.java:71) - beforeFindBy:seaching............[[RemoteWebDriver: chrome on LINUX (63a82edb67825e5100055fa5747566e7)] -> class name: textInput]
[15:13:06:142] [INFO] - com.lz.libarary.utils.SeleniumEventListener.beforeFindBy(SeleniumEventListener.java:71) - beforeFindBy:seaching............[[RemoteWebDriver: chrome on LINUX (63a82edb67825e5100055fa5747566e7)] -> class name: textInput]
[15:13:06:542] [INFO] - com.lz.libarary.utils.SeleniumEventListener.beforeFindBy(SeleniumEventListener.java:71) - beforeFindBy:seaching............[[RemoteWebDriver: chrome on LINUX (63a82edb67825e5100055fa5747566e7)] -> css selector: button[class='buttonSeacher'][type='submit']]
[15:13:06:738] [INFO] - com.lz.libarary.pages.PublicPage.findKeywords(PublicPage.java:84) - 查找成功
[15:13:11:952] [INFO] - com.lz.libarary.utils.SeleniumEventListener.beforeFindBy(SeleniumEventListener.java:71) - beforeFindBy:seaching............[[RemoteWebDriver: chrome on LINUX (63a82edb67825e5100055fa5747566e7)] -> xpath: //*[@class='gridTbody']/table/tbody]
[15:13:12:331] [INFO] - com.lz.libarary.utils.SeleniumEventListener.beforeFindBy(SeleniumEventListener.java:71) - beforeFindBy:seaching............[[RemoteWebDriver: chrome on LINUX (63a82edb67825e5100055fa5747566e7)] -> tag name: tr]
[15:13:12:629] [INFO] - com.lz.libarary.utils.SeleniumEventListener.beforeFindBy(SeleniumEventListener.java:71) - beforeFindBy:seaching............[[RemoteWebDriver: chrome on LINUX (63a82edb67825e5100055fa5747566e7)] -> xpath: //*[@class='gridTbody']/table/tbody/tr[1]/td[1]]
[15:13:12:766] [INFO] - testng.CommunityController.SystemAction(CommunityController.java:312) - 查找物业用户成功！
[15:13:12:947] [INFO] - com.lz.libarary.utils.SeleniumEventListener.beforeFindBy(SeleniumEventListener.java:71) - beforeFindBy:seaching............[[RemoteWebDriver: chrome on LINUX (63a82edb67825e5100055fa5747566e7)] -> xpath: //*[@class='gridTbody']/table/tbody]
[15:13:13:444] [INFO] - com.lz.libarary.utils.SeleniumEventListener.beforeFindBy(SeleniumEventListener.java:71) - beforeFindBy:seaching............[[RemoteWebDriver: chrome on LINUX (63a82edb67825e5100055fa5747566e7)] -> tag name: tr]
[15:13:13:688] [INFO] - com.lz.libarary.utils.SeleniumEventListener.beforeFindBy(SeleniumEventListener.java:71) - beforeFindBy:seaching............[[RemoteWebDriver: chrome on LINUX (63a82edb67825e5100055fa5747566e7)] -> xpath: //*[@class='gridTbody']/table/tbody/tr[1]/td[1]]
[15:13:16:033] [INFO] - com.lz.libarary.utils.SeleniumEventListener.beforeFindBy(SeleniumEventListener.java:71) - beforeFindBy:seaching............[[RemoteWebDriver: chrome on LINUX (63a82edb67825e5100055fa5747566e7)] -> xpath: //*[@class='gridTbody']/table/tbody/tr[1]/td[7]]
[15:13:16:284] [INFO] - com.lz.libarary.utils.SeleniumEventListener.beforeFindBy(SeleniumEventListener.java:71) - beforeFindBy:seaching............[[RemoteWebDriver: chrome on LINUX (63a82edb67825e5100055fa5747566e7)] -> xpath: //*[@class='gridTbody']/table/tbody/tr[1]/td[7]]
[15:13:16:553] [INFO] - com.lz.libarary.utils.SeleniumEventListener.beforeFindBy(SeleniumEventListener.java:71) - beforeFindBy:seaching............[[RemoteWebDriver: chrome on LINUX (63a82edb67825e5100055fa5747566e7)] -> class name: btnEdit]
[15:13:20:617] [INFO] - com.lz.libarary.utils.SeleniumEventListener.beforeFindBy(SeleniumEventListener.java:71) - beforeFindBy:seaching............[[RemoteWebDriver: chrome on LINUX (63a82edb67825e5100055fa5747566e7)] -> id: checkAll]
[15:13:21:020] [INFO] - com.lz.libarary.utils.SeleniumEventListener.beforeFindBy(SeleniumEventListener.java:71) - beforeFindBy:seaching............[[RemoteWebDriver: chrome on LINUX (63a82edb67825e5100055fa5747566e7)] -> class name: buttonContent]
[15:13:24:994] [INFO] - com.lz.libarary.utils.SeleniumEventListener.beforeFindBy(SeleniumEventListener.java:71) - beforeFindBy:seaching............[[RemoteWebDriver: chrome on LINUX (2d9ebee1e5f2de530d50bfcd1ec951fa)] -> id: login_name]
[15:13:26:498] [INFO] - com.lz.libarary.utils.SeleniumEventListener.beforeFindBy(SeleniumEventListener.java:71) - beforeFindBy:seaching............[[RemoteWebDriver: chrome on LINUX (2d9ebee1e5f2de530d50bfcd1ec951fa)] -> id: passwd]
[15:13:26:878] [INFO] - com.lz.libarary.utils.SeleniumEventListener.beforeFindBy(SeleniumEventListener.java:71) - beforeFindBy:seaching............[[RemoteWebDriver: chrome on LINUX (2d9ebee1e5f2de530d50bfcd1ec951fa)] -> id: areaLogin]
[15:13:42:052] [INFO] - testng.wyController.systemLogin(wyController.java:66) - 登录物业管理云平台pass!
[15:13:44:316] [INFO] - com.lz.libarary.utils.SeleniumEventListener.beforeFindBy(SeleniumEventListener.java:71) - beforeFindBy:seaching............[[RemoteWebDriver: chrome on LINUX (2d9ebee1e5f2de530d50bfcd1ec951fa)] -> class name: downActive]
[15:13:44:563] [INFO] - com.lz.libarary.utils.SeleniumEventListener.beforeFindBy(SeleniumEventListener.java:71) - beforeFindBy:seaching............[[RemoteWebDriver: chrome on LINUX (2d9ebee1e5f2de530d50bfcd1ec951fa)] -> class name: downActive]
[15:13:44:967] [INFO] - com.lz.libarary.utils.SeleniumEventListener.beforeFindBy(SeleniumEventListener.java:71) - beforeFindBy:seaching............[[RemoteWebDriver: chrome on LINUX (2d9ebee1e5f2de530d50bfcd1ec951fa)] -> class name: upActive]
[15:13:45:215] [INFO] - com.lz.libarary.utils.SeleniumEventListener.beforeFindBy(SeleniumEventListener.java:71) - beforeFindBy:seaching............[[RemoteWebDriver: chrome on LINUX (2d9ebee1e5f2de530d50bfcd1ec951fa)] -> class name: upActive]
[15:13:45:346] [INFO] - com.lz.libarary.pages.PublicPage.clickLeftListAction(PublicPage.java:58) - upActive
[15:13:45:525] [INFO] - com.lz.libarary.utils.SeleniumEventListener.beforeFindBy(SeleniumEventListener.java:71) - beforeFindBy:seaching............[[RemoteWebDriver: chrome on LINUX (2d9ebee1e5f2de530d50bfcd1ec951fa)] -> class name: upActive]
[15:13:47:862] [INFO] - com.lz.libarary.utils.SeleniumEventListener.beforeFindBy(SeleniumEventListener.java:71) - beforeFindBy:seaching............[[RemoteWebDriver: chrome on LINUX (2d9ebee1e5f2de530d50bfcd1ec951fa)] -> link text: 小区管理]
[15:13:53:267] [INFO] - com.lz.libarary.utils.SeleniumEventListener.beforeFindBy(SeleniumEventListener.java:71) - beforeFindBy:seaching............[[RemoteWebDriver: chrome on LINUX (2d9ebee1e5f2de530d50bfcd1ec951fa)] -> class name: textInput]
[15:13:53:607] [INFO] - com.lz.libarary.utils.SeleniumEventListener.beforeFindBy(SeleniumEventListener.java:71) - beforeFindBy:seaching............[[RemoteWebDriver: chrome on LINUX (2d9ebee1e5f2de530d50bfcd1ec951fa)] -> class name: textInput]
[15:13:54:020] [INFO] - com.lz.libarary.utils.SeleniumEventListener.beforeFindBy(SeleniumEventListener.java:71) - beforeFindBy:seaching............[[RemoteWebDriver: chrome on LINUX (2d9ebee1e5f2de530d50bfcd1ec951fa)] -> css selector: button[class='buttonSeacher'][type='submit']]
[15:13:54:207] [INFO] - com.lz.libarary.pages.PublicPage.findKeywords(PublicPage.java:84) - 查找成功
[15:13:57:423] [INFO] - com.lz.libarary.utils.SeleniumEventListener.beforeFindBy(SeleniumEventListener.java:71) - beforeFindBy:seaching............[[RemoteWebDriver: chrome on LINUX (2d9ebee1e5f2de530d50bfcd1ec951fa)] -> xpath: //*[@class='gridTbody']/table/tbody]
[15:13:57:787] [INFO] - com.lz.libarary.utils.SeleniumEventListener.beforeFindBy(SeleniumEventListener.java:71) - beforeFindBy:seaching............[[RemoteWebDriver: chrome on LINUX (2d9ebee1e5f2de530d50bfcd1ec951fa)] -> tag name: tr]
[15:13:58:086] [INFO] - com.lz.libarary.utils.SeleniumEventListener.beforeFindBy(SeleniumEventListener.java:71) - beforeFindBy:seaching............[[RemoteWebDriver: chrome on LINUX (2d9ebee1e5f2de530d50bfcd1ec951fa)] -> xpath: //*[@class='gridTbody']/table/tbody/tr[1]/td[2]]
[15:13:58:224] [INFO] - testng.wyController.communityAction(wyController.java:101) - 小区查找成功
[15:13:58:400] [INFO] - com.lz.libarary.utils.SeleniumEventListener.beforeFindBy(SeleniumEventListener.java:71) - beforeFindBy:seaching............[[RemoteWebDriver: chrome on LINUX (2d9ebee1e5f2de530d50bfcd1ec951fa)] -> xpath: //*[@class='gridTbody']/table/tbody]
[15:13:58:646] [INFO] - com.lz.libarary.utils.SeleniumEventListener.beforeFindBy(SeleniumEventListener.java:71) - beforeFindBy:seaching............[[RemoteWebDriver: chrome on LINUX (2d9ebee1e5f2de530d50bfcd1ec951fa)] -> tag name: tr]
[15:13:59:139] [INFO] - com.lz.libarary.utils.SeleniumEventListener.beforeFindBy(SeleniumEventListener.java:71) - beforeFindBy:seaching............[[RemoteWebDriver: chrome on LINUX (2d9ebee1e5f2de530d50bfcd1ec951fa)] -> xpath: //*[@class='gridTbody']/table/tbody/tr[1]/td[2]]
[15:13:59:262] [INFO] - testng.wyController.communityAction(wyController.java:105) - --------
[15:13:59:467] [INFO] - com.lz.libarary.utils.SeleniumEventListener.beforeFindBy(SeleniumEventListener.java:71) - beforeFindBy:seaching............[[RemoteWebDriver: chrome on LINUX (2d9ebee1e5f2de530d50bfcd1ec951fa)] -> xpath: //*[@class='gridTbody']/table/tbody/tr[1]/td[1]]
[15:13:59:979] [INFO] - com.lz.libarary.utils.SeleniumEventListener.beforeFindBy(SeleniumEventListener.java:71) - beforeFindBy:seaching............[[RemoteWebDriver: chrome on LINUX (2d9ebee1e5f2de530d50bfcd1ec951fa)] -> xpath: //*[@class='gridTbody']/table/tbody/tr[1]/td[4]]
[15:14:00:118] [INFO] - com.lz.libarary.pages.HouseManagement.wyHouseCheck(HouseManagement.java:402) - --------北京市-北京市-东城区
[15:14:00:194] [INFO] - com.lz.libarary.pages.HouseManagement.wyHouseCheck(HouseManagement.java:403) - --------songer物业
[15:14:00:315] [INFO] - testng.wyController.communityAction(wyController.java:107) - 核对小区信息pass!
[15:14:02:517] [INFO] - com.lz.libarary.utils.SeleniumEventListener.beforeFindBy(SeleniumEventListener.java:71) - beforeFindBy:seaching............[[RemoteWebDriver: chrome on LINUX (2d9ebee1e5f2de530d50bfcd1ec951fa)] -> xpath: //*[@class='gridTbody']/table/tbody/tr[1]/td[5]]
[15:14:03:101] [INFO] - com.lz.libarary.utils.SeleniumEventListener.beforeFindBy(SeleniumEventListener.java:71) - beforeFindBy:seaching............[[RemoteWebDriver: chrome on LINUX (2d9ebee1e5f2de530d50bfcd1ec951fa)] -> link text: 楼宇管理]
[15:14:05:847] [INFO] - com.lz.libarary.utils.SeleniumEventListener.beforeFindBy(SeleniumEventListener.java:71) - beforeFindBy:seaching............[[RemoteWebDriver: chrome on LINUX (2d9ebee1e5f2de530d50bfcd1ec951fa)] -> id: tree_communityTreeList_1_span]
[15:14:06:245] [INFO] - com.lz.libarary.utils.SeleniumEventListener.beforeFindBy(SeleniumEventListener.java:71) - beforeFindBy:seaching............[[RemoteWebDriver: chrome on LINUX (2d9ebee1e5f2de530d50bfcd1ec951fa)] -> id: community_addBtn_tree_communityTreeList_1]
[15:14:06:810] [INFO] - com.lz.libarary.utils.SeleniumEventListener.beforeFindBy(SeleniumEventListener.java:71) - beforeFindBy:seaching............[[RemoteWebDriver: chrome on LINUX (2d9ebee1e5f2de530d50bfcd1ec951fa)] -> name: partition.name]
[15:14:07:254] [INFO] - com.lz.libarary.utils.SeleniumEventListener.beforeFindBy(SeleniumEventListener.java:71) - beforeFindBy:seaching............[[RemoteWebDriver: chrome on LINUX (2d9ebee1e5f2de530d50bfcd1ec951fa)] -> class name: btnRedS]
[15:14:07:873] [INFO] - com.lz.libarary.utils.SeleniumEventListener.beforeFindBy(SeleniumEventListener.java:71) - beforeFindBy:seaching............[[RemoteWebDriver: chrome on LINUX (2d9ebee1e5f2de530d50bfcd1ec951fa)] -> css selector: div.msg.msgMsg]
[15:14:10:205] [INFO] - com.lz.libarary.utils.SeleniumEventListener.beforeFindBy(SeleniumEventListener.java:71) - beforeFindBy:seaching............[[RemoteWebDriver: chrome on LINUX (2d9ebee1e5f2de530d50bfcd1ec951fa)] -> id: tree_communityTreeList_5_span]
[15:14:10:551] [INFO] - com.lz.libarary.utils.SeleniumEventListener.beforeFindBy(SeleniumEventListener.java:71) - beforeFindBy:seaching............[[RemoteWebDriver: chrome on LINUX (2d9ebee1e5f2de530d50bfcd1ec951fa)] -> id: tree_communityTreeList_5_span]
[15:14:11:238] [INFO] - com.lz.libarary.utils.SeleniumEventListener.beforeFindBy(SeleniumEventListener.java:71) - beforeFindBy:seaching............[[RemoteWebDriver: chrome on LINUX (2d9ebee1e5f2de530d50bfcd1ec951fa)] -> id: community_addBtn_tree_communityTreeList_5]
[15:14:11:802] [INFO] - com.lz.libarary.utils.SeleniumEventListener.beforeFindBy(SeleniumEventListener.java:71) - beforeFindBy:seaching............[[RemoteWebDriver: chrome on LINUX (2d9ebee1e5f2de530d50bfcd1ec951fa)] -> name: tenementList[0].name]
[15:14:12:171] [INFO] - com.lz.libarary.utils.SeleniumEventListener.beforeFindBy(SeleniumEventListener.java:71) - beforeFindBy:seaching............[[RemoteWebDriver: chrome on LINUX (2d9ebee1e5f2de530d50bfcd1ec951fa)] -> class name: btnRedS]
[15:14:12:782] [INFO] - com.lz.libarary.utils.SeleniumEventListener.beforeFindBy(SeleniumEventListener.java:71) - beforeFindBy:seaching............[[RemoteWebDriver: chrome on LINUX (2d9ebee1e5f2de530d50bfcd1ec951fa)] -> css selector: div.msg.msgMsg]
[15:14:15:112] [INFO] - com.lz.libarary.utils.SeleniumEventListener.beforeFindBy(SeleniumEventListener.java:71) - beforeFindBy:seaching............[[RemoteWebDriver: chrome on LINUX (2d9ebee1e5f2de530d50bfcd1ec951fa)] -> id: tree_communityTreeList_6_span]
[15:14:15:853] [INFO] - com.lz.libarary.utils.SeleniumEventListener.beforeFindBy(SeleniumEventListener.java:71) - beforeFindBy:seaching............[[RemoteWebDriver: chrome on LINUX (2d9ebee1e5f2de530d50bfcd1ec951fa)] -> id: community_addBtn_tree_communityTreeList_6]
[15:14:16:437] [INFO] - com.lz.libarary.utils.SeleniumEventListener.beforeFindBy(SeleniumEventListener.java:71) - beforeFindBy:seaching............[[RemoteWebDriver: chrome on LINUX (2d9ebee1e5f2de530d50bfcd1ec951fa)] -> name: unitList[0].name]
[15:14:16:810] [INFO] - com.lz.libarary.utils.SeleniumEventListener.beforeFindBy(SeleniumEventListener.java:71) - beforeFindBy:seaching............[[RemoteWebDriver: chrome on LINUX (2d9ebee1e5f2de530d50bfcd1ec951fa)] -> class name: btnRedS]
[15:14:19:515] [INFO] - com.lz.libarary.utils.SeleniumEventListener.beforeFindBy(SeleniumEventListener.java:71) - beforeFindBy:seaching............[[RemoteWebDriver: chrome on LINUX (2d9ebee1e5f2de530d50bfcd1ec951fa)] -> css selector: div.msg.msgMsg]
[15:14:21:841] [INFO] - com.lz.libarary.utils.SeleniumEventListener.beforeFindBy(SeleniumEventListener.java:71) - beforeFindBy:seaching............[[RemoteWebDriver: chrome on LINUX (2d9ebee1e5f2de530d50bfcd1ec951fa)] -> id: tree_communityTreeList_7_span]
[15:14:22:223] [INFO] - com.lz.libarary.utils.SeleniumEventListener.beforeFindBy(SeleniumEventListener.java:71) - beforeFindBy:seaching............[[RemoteWebDriver: chrome on LINUX (2d9ebee1e5f2de530d50bfcd1ec951fa)] -> id: community_addBtn_tree_communityTreeList_7]
[15:14:22:819] [INFO] - com.lz.libarary.utils.SeleniumEventListener.beforeFindBy(SeleniumEventListener.java:71) - beforeFindBy:seaching............[[RemoteWebDriver: chrome on LINUX (2d9ebee1e5f2de530d50bfcd1ec951fa)] -> name: floor_start]
[15:14:23:208] [INFO] - com.lz.libarary.utils.SeleniumEventListener.beforeFindBy(SeleniumEventListener.java:71) - beforeFindBy:seaching............[[RemoteWebDriver: chrome on LINUX (2d9ebee1e5f2de530d50bfcd1ec951fa)] -> name: floor_end]
[15:14:24:134] [INFO] - com.lz.libarary.utils.SeleniumEventListener.beforeFindBy(SeleniumEventListener.java:71) - beforeFindBy:seaching............[[RemoteWebDriver: chrome on LINUX (2d9ebee1e5f2de530d50bfcd1ec951fa)] -> name: room_start]
[15:14:24:533] [INFO] - com.lz.libarary.utils.SeleniumEventListener.beforeFindBy(SeleniumEventListener.java:71) - beforeFindBy:seaching............[[RemoteWebDriver: chrome on LINUX (2d9ebee1e5f2de530d50bfcd1ec951fa)] -> name: room_num]
[15:14:24:904] [INFO] - com.lz.libarary.utils.SeleniumEventListener.beforeFindBy(SeleniumEventListener.java:71) - beforeFindBy:seaching............[[RemoteWebDriver: chrome on LINUX (2d9ebee1e5f2de530d50bfcd1ec951fa)] -> class name: btnRedS]
[15:14:27:285] [INFO] - com.lz.libarary.utils.SeleniumEventListener.beforeFindBy(SeleniumEventListener.java:71) - beforeFindBy:seaching............[[RemoteWebDriver: chrome on LINUX (2d9ebee1e5f2de530d50bfcd1ec951fa)] -> css selector: div.msg.msgMsg]
[15:14:30:411] [INFO] - testng.wyController.communityAction(wyController.java:113) - 添加楼宇pass!
[15:14:32:616] [INFO] - com.lz.libarary.utils.SeleniumEventListener.beforeFindBy(SeleniumEventListener.java:71) - beforeFindBy:seaching............[[RemoteWebDriver: chrome on LINUX (2d9ebee1e5f2de530d50bfcd1ec951fa)] -> id: tree_communityTreeList_8_span]
[15:14:32:997] [INFO] - com.lz.libarary.utils.SeleniumEventListener.beforeFindBy(SeleniumEventListener.java:71) - beforeFindBy:seaching............[[RemoteWebDriver: chrome on LINUX (2d9ebee1e5f2de530d50bfcd1ec951fa)] -> id: tree_communityTreeList_8_remove]
[15:14:36:389] [INFO] - com.lz.libarary.utils.SeleniumEventListener.beforeFindBy(SeleniumEventListener.java:71) - beforeFindBy:seaching............[[RemoteWebDriver: chrome on LINUX (2d9ebee1e5f2de530d50bfcd1ec951fa)] -> xpath: //*[@class='confirm']/div[2]/ul/li[1]/a]
[15:14:36:949] [INFO] - com.lz.libarary.utils.SeleniumEventListener.beforeFindBy(SeleniumEventListener.java:71) - beforeFindBy:seaching............[[RemoteWebDriver: chrome on LINUX (2d9ebee1e5f2de530d50bfcd1ec951fa)] -> xpath: //*[@class='confirm']/div[2]/ul/li[1]/a]
[15:14:39:631] [INFO] - com.lz.libarary.utils.SeleniumEventListener.beforeFindBy(SeleniumEventListener.java:71) - beforeFindBy:seaching............[[RemoteWebDriver: chrome on LINUX (2d9ebee1e5f2de530d50bfcd1ec951fa)] -> xpath: //*[@class='correct']/div[2]/ul/li/a]
[15:14:40:184] [INFO] - com.lz.libarary.utils.SeleniumEventListener.beforeFindBy(SeleniumEventListener.java:71) - beforeFindBy:seaching............[[RemoteWebDriver: chrome on LINUX (2d9ebee1e5f2de530d50bfcd1ec951fa)] -> xpath: //*[@class='correct']/div[2]/ul/li/a]
[15:14:40:588] [INFO] - com.lz.libarary.utils.SeleniumEventListener.beforeFindBy(SeleniumEventListener.java:71) - beforeFindBy:seaching............[[RemoteWebDriver: chrome on LINUX (2d9ebee1e5f2de530d50bfcd1ec951fa)] -> id: tree_communityTreeList_7_span]
[15:14:40:995] [INFO] - com.lz.libarary.utils.SeleniumEventListener.beforeFindBy(SeleniumEventListener.java:71) - beforeFindBy:seaching............[[RemoteWebDriver: chrome on LINUX (2d9ebee1e5f2de530d50bfcd1ec951fa)] -> id: tree_communityTreeList_7_remove]
[15:14:44:363] [INFO] - com.lz.libarary.utils.SeleniumEventListener.beforeFindBy(SeleniumEventListener.java:71) - beforeFindBy:seaching............[[RemoteWebDriver: chrome on LINUX (2d9ebee1e5f2de530d50bfcd1ec951fa)] -> xpath: //*[@class='confirm']/div[2]/ul/li[1]/a]
[15:14:44:615] [INFO] - com.lz.libarary.utils.SeleniumEventListener.beforeFindBy(SeleniumEventListener.java:71) - beforeFindBy:seaching............[[RemoteWebDriver: chrome on LINUX (2d9ebee1e5f2de530d50bfcd1ec951fa)] -> xpath: //*[@class='confirm']/div[2]/ul/li[1]/a]
[15:14:47:001] [INFO] - com.lz.libarary.utils.SeleniumEventListener.beforeFindBy(SeleniumEventListener.java:71) - beforeFindBy:seaching............[[RemoteWebDriver: chrome on LINUX (2d9ebee1e5f2de530d50bfcd1ec951fa)] -> xpath: //*[@class='correct']/div[2]/ul/li/a]
[15:14:47:244] [INFO] - com.lz.libarary.utils.SeleniumEventListener.beforeFindBy(SeleniumEventListener.java:71) - beforeFindBy:seaching............[[RemoteWebDriver: chrome on LINUX (2d9ebee1e5f2de530d50bfcd1ec951fa)] -> xpath: //*[@class='correct']/div[2]/ul/li/a]
[15:14:53:507] [INFO] - com.lz.libarary.utils.SeleniumEventListener.beforeFindBy(SeleniumEventListener.java:71) - beforeFindBy:seaching............[[RemoteWebDriver: chrome on LINUX (2d9ebee1e5f2de530d50bfcd1ec951fa)] -> class name: selected]
[15:14:55:050] [INFO] - com.lz.libarary.utils.SeleniumEventListener.beforeFindBy(SeleniumEventListener.java:71) - beforeFindBy:seaching............[[RemoteWebDriver: chrome on LINUX (2d9ebee1e5f2de530d50bfcd1ec951fa)] -> class name: close]
